<?xml version="1.0" encoding="UTF-8"?>
<!-- Generated by org.testng.reporters.JUnitXMLReporter -->
<testsuite ignored="0" hostname="KANINI-LTP-552" failures="1" tests="1" name="Deepak" time="0.055" errors="0" timestamp="2025-02-18T14:45:29 IST">
  <testcase classname="testNG_FrameWork_Concepts.DataProvider_Example" name="field" time="0.0">
    <failure type="java.lang.RuntimeException" message="java.lang.StackOverflowError">
      <![CDATA[java.lang.RuntimeException: java.lang.StackOverflowError
at java.base/java.util.ArrayList.forEach(ArrayList.java:1511)
Caused by: java.lang.StackOverflowError
at testNG_FrameWork_Concepts.DataProvider_Example.getData(DataProvider_Example.java:25)
at testNG_FrameWork_Concepts.DataProvider_Example.getData(DataProvider_Example.java:25)
at testNG_FrameWork_Concepts.DataProvider_Example.getData(DataProvider_Example.java:25)
at testNG_FrameWork_Concepts.DataProvider_Example.getData(DataProvider_Example.java:25)
at testNG_FrameWork_Concepts.DataProvider_Example.getData(DataProvider_Example.java:25)
at testNG_FrameWork_Concepts.DataProvider_Example.getData(DataProvider_Example.java:25)
at testNG_FrameWork_Concepts.DataProvider_Example.getData(DataProvider_Example.java:25)
at testNG_FrameWork_Concepts.DataProvider_Example.getData(DataProvider_Example.java:25)
at testNG_FrameWork_Concepts.DataProvider_Example.getData(DataProvider_Example.java:25)
at testNG_FrameWork_Concepts.DataProvider_Example.getData(DataProvider_Example.java:25)
at testNG_FrameWork_Concepts.DataProvider_Example.getData(DataProvider_Example.java:25)
at testNG_FrameWork_Concepts.DataProvider_Example.getData(DataProvider_Example.java:25)
at testNG_FrameWork_Concepts.DataProvider_Example.getData(DataProvider_Example.java:25)
at testNG_FrameWork_Concepts.DataProvider_Example.getData(DataProvider_Example.java:25)
at testNG_FrameWork_Concepts.DataProvider_Example.getData(DataProvider_Example.java:25)
at testNG_FrameWork_Concepts.DataProvider_Example.getData(DataProvider_Example.java:25)
at testNG_FrameWork_Concepts.DataProvider_Example.getData(DataProvider_Example.java:25)
at testNG_FrameWork_Concepts.DataProvider_Example.getData(DataProvider_Example.java:25)
at testNG_FrameWork_Concepts.DataProvider_Example.getData(DataProvider_Example.java:25)
at testNG_FrameWork_Concepts.DataProvider_Example.getData(DataProvider_Example.java:25)
at testNG_FrameWork_Concepts.DataProvider_Example.getData(DataProvider_Example.java:25)
at testNG_FrameWork_Concepts.DataProvider_Example.getData(DataProvider_Example.java:25)
at testNG_FrameWork_Concepts.DataProvider_Example.getData(DataProvider_Example.java:25)
at testNG_FrameWork_Concepts.DataProvider_Example.getData(DataProvider_Example.java:25)
at testNG_FrameWork_Concepts.DataProvider_Example.getData(DataProvider_Example.java:25)
at testNG_FrameWork_Concepts.DataProvider_Example.getData(DataProvider_Example.java:25)
at testNG_FrameWork_Concepts.DataProvider_Example.getData(DataProvider_Example.java:25)
at testNG_FrameWork_Concepts.DataProvider_Example.getData(DataProvider_Example.java:25)
at testNG_FrameWork_Concepts.DataProvider_Example.getData(DataProvider_Example.java:25)
at testNG_FrameWork_Concepts.DataProvider_Example.getData(DataProvider_Example.java:25)
at testNG_FrameWork_Concepts.DataProvider_Example.getData(DataProvider_Example.java:25)
at testNG_FrameWork_Concepts.DataProvider_Example.getData(DataProvider_Example.java:25)
at testNG_FrameWork_Concepts.DataProvider_Example.getData(DataProvider_Example.java:25)
at testNG_FrameWork_Concepts.DataProvider_Example.getData(DataProvider_Example.java:25)
at testNG_FrameWork_Concepts.DataProvider_Example.getData(DataProvider_Example.java:25)
at testNG_FrameWork_Concepts.DataProvider_Example.getData(DataProvider_Example.java:25)
at testNG_FrameWork_Concepts.DataProvider_Example.getData(DataProvider_Example.java:25)
at testNG_FrameWork_Concepts.DataProvider_Example.getData(DataProvider_Example.java:25)
at testNG_FrameWork_Concepts.DataProvider_Example.getData(DataProvider_Example.java:25)
at testNG_FrameWork_Concepts.DataProvider_Example.getData(DataProvider_Example.java:25)
at testNG_FrameWork_Concepts.DataProvider_Example.getData(DataProvider_Example.java:25)
at testNG_FrameWork_Concepts.DataProvider_Example.getData(DataProvider_Example.java:25)
at testNG_FrameWork_Concepts.DataProvider_Example.getData(DataProvider_Example.java:25)
at testNG_FrameWork_Concepts.DataProvider_Example.getData(DataProvider_Example.java:25)
at testNG_FrameWork_Concepts.DataProvider_Example.getData(DataProvider_Example.java:25)
at testNG_FrameWork_Concepts.DataProvider_Example.getData(DataProvider_Example.java:25)
at testNG_FrameWork_Concepts.DataProvider_Example.getData(DataProvider_Example.java:25)
at testNG_FrameWork_Concepts.DataProvider_Example.getData(DataProvider_Example.java:25)
at testNG_FrameWork_Concepts.DataProvider_Example.getData(DataProvider_Example.java:25)
at testNG_FrameWork_Concepts.DataProvider_Example.getData(DataProvider_Example.java:25)
at testNG_FrameWork_Concepts.DataProvider_Example.getData(DataProvider_Example.java:25)
at testNG_FrameWork_Concepts.DataProvider_Example.getData(DataProvider_Example.java:25)
at testNG_FrameWork_Concepts.DataProvider_Example.getData(DataProvider_Example.java:25)
at testNG_FrameWork_Concepts.DataProvider_Example.getData(DataProvider_Example.java:25)
at testNG_FrameWork_Concepts.DataProvider_Example.getData(DataProvider_Example.java:25)
at testNG_FrameWork_Concepts.DataProvider_Example.getData(DataProvider_Example.java:25)
at testNG_FrameWork_Concepts.DataProvider_Example.getData(DataProvider_Example.java:25)
at testNG_FrameWork_Concepts.DataProvider_Example.getData(DataProvider_Example.java:25)
at testNG_FrameWork_Concepts.DataProvider_Example.getData(DataProvider_Example.java:25)
at testNG_FrameWork_Concepts.DataProvider_Example.getData(DataProvider_Example.java:25)
at testNG_FrameWork_Concepts.DataProvider_Example.getData(DataProvider_Example.java:25)
at testNG_FrameWork_Concepts.DataProvider_Example.getData(DataProvider_Example.java:25)
at testNG_FrameWork_Concepts.DataProvider_Example.getData(DataProvider_Example.java:25)
at testNG_FrameWork_Concepts.DataProvider_Example.getData(DataProvider_Example.java:25)
at testNG_FrameWork_Concepts.DataProvider_Example.getData(DataProvider_Example.java:25)
at testNG_FrameWork_Concepts.DataProvider_Example.getData(DataProvider_Example.java:25)
at testNG_FrameWork_Concepts.DataProvider_Example.getData(DataProvider_Example.java:25)
at testNG_FrameWork_Concepts.DataProvider_Example.getData(DataProvider_Example.java:25)
at testNG_FrameWork_Concepts.DataProvider_Example.getData(DataProvider_Example.java:25)
at testNG_FrameWork_Concepts.DataProvider_Example.getData(DataProvider_Example.java:25)
at testNG_FrameWork_Concepts.DataProvider_Example.getData(DataProvider_Example.java:25)
at testNG_FrameWork_Concepts.DataProvider_Example.getData(DataProvider_Example.java:25)
at testNG_FrameWork_Concepts.DataProvider_Example.getData(DataProvider_Example.java:25)
at testNG_FrameWork_Concepts.DataProvider_Example.getData(DataProvider_Example.java:25)
at testNG_FrameWork_Concepts.DataProvider_Example.getData(DataProvider_Example.java:25)
at testNG_FrameWork_Concepts.DataProvider_Example.getData(DataProvider_Example.java:25)
at testNG_FrameWork_Concepts.DataProvider_Example.getData(DataProvider_Example.java:25)
at testNG_FrameWork_Concepts.DataProvider_Example.getData(DataProvider_Example.java:25)
at testNG_FrameWork_Concepts.DataProvider_Example.getData(DataProvider_Example.java:25)
at testNG_FrameWork_Concepts.DataProvider_Example.getData(DataProvider_Example.java:25)
at testNG_FrameWork_Concepts.DataProvider_Example.getData(DataProvider_Example.java:25)
at testNG_FrameWork_Concepts.DataProvider_Example.getData(DataProvider_Example.java:25)
at testNG_FrameWork_Concepts.DataProvider_Example.getData(DataProvider_Example.java:25)
at testNG_FrameWork_Concepts.DataProvider_Example.getData(DataProvider_Example.java:25)
at testNG_FrameWork_Concepts.DataProvider_Example.getData(DataProvider_Example.java:25)
at testNG_FrameWork_Concepts.DataProvider_Example.getData(DataProvider_Example.java:25)
at testNG_FrameWork_Concepts.DataProvider_Example.getData(DataProvider_Example.java:25)
at testNG_FrameWork_Concepts.DataProvider_Example.getData(DataProvider_Example.java:25)
at testNG_FrameWork_Concepts.DataProvider_Example.getData(DataProvider_Example.java:25)
at testNG_FrameWork_Concepts.DataProvider_Example.getData(DataProvider_Example.java:25)
at testNG_FrameWork_Concepts.DataProvider_Example.getData(DataProvider_Example.java:25)
at testNG_FrameWork_Concepts.DataProvider_Example.getData(DataProvider_Example.java:25)
at testNG_FrameWork_Concepts.DataProvider_Example.getData(DataProvider_Example.java:25)
at testNG_FrameWork_Concepts.DataProvider_Example.getData(DataProvider_Example.java:25)
at testNG_FrameWork_Concepts.DataProvider_Example.getData(DataProvider_Example.java:25)
at testNG_FrameWork_Concepts.DataProvider_Example.getData(DataProvider_Example.java:25)
at testNG_FrameWork_Concepts.DataProvider_Example.getData(DataProvider_Example.java:25)
at testNG_FrameWork_Concepts.DataProvider_Example.getData(DataProvider_Example.java:25)
at testNG_FrameWork_Concepts.DataProvider_Example.getData(DataProvider_Example.java:25)
at testNG_FrameWork_Concepts.DataProvider_Example.getData(DataProvider_Example.java:25)
at testNG_FrameWork_Concepts.DataProvider_Example.getData(DataProvider_Example.java:25)
at testNG_FrameWork_Concepts.DataProvider_Example.getData(DataProvider_Example.java:25)
at testNG_FrameWork_Concepts.DataProvider_Example.getData(DataProvider_Example.java:25)
at testNG_FrameWork_Concepts.DataProvider_Example.getData(DataProvider_Example.java:25)
at testNG_FrameWork_Concepts.DataProvider_Example.getData(DataProvider_Example.java:25)
at testNG_FrameWork_Concepts.DataProvider_Example.getData(DataProvider_Example.java:25)
at testNG_FrameWork_Concepts.DataProvider_Example.getData(DataProvider_Example.java:25)
at testNG_FrameWork_Concepts.DataProvider_Example.getData(DataProvider_Example.java:25)
at testNG_FrameWork_Concepts.DataProvider_Example.getData(DataProvider_Example.java:25)
at testNG_FrameWork_Concepts.DataProvider_Example.getData(DataProvider_Example.java:25)
at testNG_FrameWork_Concepts.DataProvider_Example.getData(DataProvider_Example.java:25)
at testNG_FrameWork_Concepts.DataProvider_Example.getData(DataProvider_Example.java:25)
at testNG_FrameWork_Concepts.DataProvider_Example.getData(DataProvider_Example.java:25)
at testNG_FrameWork_Concepts.DataProvider_Example.getData(DataProvider_Example.java:25)
at testNG_FrameWork_Concepts.DataProvider_Example.getData(DataProvider_Example.java:25)
at testNG_FrameWork_Concepts.DataProvider_Example.getData(DataProvider_Example.java:25)
at testNG_FrameWork_Concepts.DataProvider_Example.getData(DataProvider_Example.java:25)
at testNG_FrameWork_Concepts.DataProvider_Example.getData(DataProvider_Example.java:25)
at testNG_FrameWork_Concepts.DataProvider_Example.getData(DataProvider_Example.java:25)
at testNG_FrameWork_Concepts.DataProvider_Example.getData(DataProvider_Example.java:25)
at testNG_FrameWork_Concepts.DataProvider_Example.getData(DataProvider_Example.java:25)
at testNG_FrameWork_Concepts.DataProvider_Example.getData(DataProvider_Example.java:25)
at testNG_FrameWork_Concepts.DataProvider_Example.getData(DataProvider_Example.java:25)
at testNG_FrameWork_Concepts.DataProvider_Example.getData(DataProvider_Example.java:25)
at testNG_FrameWork_Concepts.DataProvider_Example.getData(DataProvider_Example.java:25)
at testNG_FrameWork_Concepts.DataProvider_Example.getData(DataProvider_Example.java:25)
at testNG_FrameWork_Concepts.DataProvider_Example.getData(DataProvider_Example.java:25)
at testNG_FrameWork_Concepts.DataProvider_Example.getData(DataProvider_Example.java:25)
at testNG_FrameWork_Concepts.DataProvider_Example.getData(DataProvider_Example.java:25)
at testNG_FrameWork_Concepts.DataProvider_Example.getData(DataProvider_Example.java:25)
at testNG_FrameWork_Concepts.DataProvider_Example.getData(DataProvider_Example.java:25)
at testNG_FrameWork_Concepts.DataProvider_Example.getData(DataProvider_Example.java:25)
at testNG_FrameWork_Concepts.DataProvider_Example.getData(DataProvider_Example.java:25)
at testNG_FrameWork_Concepts.DataProvider_Example.getData(DataProvider_Example.java:25)
at testNG_FrameWork_Concepts.DataProvider_Example.getData(DataProvider_Example.java:25)
at testNG_FrameWork_Concepts.DataProvider_Example.getData(DataProvider_Example.java:25)
at testNG_FrameWork_Concepts.DataProvider_Example.getData(DataProvider_Example.java:25)
at testNG_FrameWork_Concepts.DataProvider_Example.getData(DataProvider_Example.java:25)
at testNG_FrameWork_Concepts.DataProvider_Example.getData(DataProvider_Example.java:25)
at testNG_FrameWork_Concepts.DataProvider_Example.getData(DataProvider_Example.java:25)
at testNG_FrameWork_Concepts.DataProvider_Example.getData(DataProvider_Example.java:25)
at testNG_FrameWork_Concepts.DataProvider_Example.getData(DataProvider_Example.java:25)
at testNG_FrameWork_Concepts.DataProvider_Example.getData(DataProvider_Example.java:25)
at testNG_FrameWork_Concepts.DataProvider_Example.getData(DataProvider_Example.java:25)
at testNG_FrameWork_Concepts.DataProvider_Example.getData(DataProvider_Example.java:25)
at testNG_FrameWork_Concepts.DataProvider_Example.getData(DataProvider_Example.java:25)
at testNG_FrameWork_Concepts.DataProvider_Example.getData(DataProvider_Example.java:25)
at testNG_FrameWork_Concepts.DataProvider_Example.getData(DataProvider_Example.java:25)
at testNG_FrameWork_Concepts.DataProvider_Example.getData(DataProvider_Example.java:25)
at testNG_FrameWork_Concepts.DataProvider_Example.getData(DataProvider_Example.java:25)
at testNG_FrameWork_Concepts.DataProvider_Example.getData(DataProvider_Example.java:25)
at testNG_FrameWork_Concepts.DataProvider_Example.getData(DataProvider_Example.java:25)
at testNG_FrameWork_Concepts.DataProvider_Example.getData(DataProvider_Example.java:25)
at testNG_FrameWork_Concepts.DataProvider_Example.getData(DataProvider_Example.java:25)
at testNG_FrameWork_Concepts.DataProvider_Example.getData(DataProvider_Example.java:25)
at testNG_FrameWork_Concepts.DataProvider_Example.getData(DataProvider_Example.java:25)
at testNG_FrameWork_Concepts.DataProvider_Example.getData(DataProvider_Example.java:25)
at testNG_FrameWork_Concepts.DataProvider_Example.getData(DataProvider_Example.java:25)
at testNG_FrameWork_Concepts.DataProvider_Example.getData(DataProvider_Example.java:25)
at testNG_FrameWork_Concepts.DataProvider_Example.getData(DataProvider_Example.java:25)
at testNG_FrameWork_Concepts.DataProvider_Example.getData(DataProvider_Example.java:25)
at testNG_FrameWork_Concepts.DataProvider_Example.getData(DataProvider_Example.java:25)
at testNG_FrameWork_Concepts.DataProvider_Example.getData(DataProvider_Example.java:25)
at testNG_FrameWork_Concepts.DataProvider_Example.getData(DataProvider_Example.java:25)
at testNG_FrameWork_Concepts.DataProvider_Example.getData(DataProvider_Example.java:25)
at testNG_FrameWork_Concepts.DataProvider_Example.getData(DataProvider_Example.java:25)
at testNG_FrameWork_Concepts.DataProvider_Example.getData(DataProvider_Example.java:25)
at testNG_FrameWork_Concepts.DataProvider_Example.getData(DataProvider_Example.java:25)
at testNG_FrameWork_Concepts.DataProvider_Example.getData(DataProvider_Example.java:25)
at testNG_FrameWork_Concepts.DataProvider_Example.getData(DataProvider_Example.java:25)
at testNG_FrameWork_Concepts.DataProvider_Example.getData(DataProvider_Example.java:25)
at testNG_FrameWork_Concepts.DataProvider_Example.getData(DataProvider_Example.java:25)
at testNG_FrameWork_Concepts.DataProvider_Example.getData(DataProvider_Example.java:25)
at testNG_FrameWork_Concepts.DataProvider_Example.getData(DataProvider_Example.java:25)
at testNG_FrameWork_Concepts.DataProvider_Example.getData(DataProvider_Example.java:25)
at testNG_FrameWork_Concepts.DataProvider_Example.getData(DataProvider_Example.java:25)
at testNG_FrameWork_Concepts.DataProvider_Example.getData(DataProvider_Example.java:25)
at testNG_FrameWork_Concepts.DataProvider_Example.getData(DataProvider_Example.java:25)
at testNG_FrameWork_Concepts.DataProvider_Example.getData(DataProvider_Example.java:25)
at testNG_FrameWork_Concepts.DataProvider_Example.getData(DataProvider_Example.java:25)
at testNG_FrameWork_Concepts.DataProvider_Example.getData(DataProvider_Example.java:25)
at testNG_FrameWork_Concepts.DataProvider_Example.getData(DataProvider_Example.java:25)
at testNG_FrameWork_Concepts.DataProvider_Example.getData(DataProvider_Example.java:25)
at testNG_FrameWork_Concepts.DataProvider_Example.getData(DataProvider_Example.java:25)
at testNG_FrameWork_Concepts.DataProvider_Example.getData(DataProvider_Example.java:25)
at testNG_FrameWork_Concepts.DataProvider_Example.getData(DataProvider_Example.java:25)
at testNG_FrameWork_Concepts.DataProvider_Example.getData(DataProvider_Example.java:25)
at testNG_FrameWork_Concepts.DataProvider_Example.getData(DataProvider_Example.java:25)
at testNG_FrameWork_Concepts.DataProvider_Example.getData(DataProvider_Example.java:25)
at testNG_FrameWork_Concepts.DataProvider_Example.getData(DataProvider_Example.java:25)
at testNG_FrameWork_Concepts.DataProvider_Example.getData(DataProvider_Example.java:25)
at testNG_FrameWork_Concepts.DataProvider_Example.getData(DataProvider_Example.java:25)
at testNG_FrameWork_Concepts.DataProvider_Example.getData(DataProvider_Example.java:25)
at testNG_FrameWork_Concepts.DataProvider_Example.getData(DataProvider_Example.java:25)
at testNG_FrameWork_Concepts.DataProvider_Example.getData(DataProvider_Example.java:25)
at testNG_FrameWork_Concepts.DataProvider_Example.getData(DataProvider_Example.java:25)
at testNG_FrameWork_Concepts.DataProvider_Example.getData(DataProvider_Example.java:25)
at testNG_FrameWork_Concepts.DataProvider_Example.getData(DataProvider_Example.java:25)
at testNG_FrameWork_Concepts.DataProvider_Example.getData(DataProvider_Example.java:25)
at testNG_FrameWork_Concepts.DataProvider_Example.getData(DataProvider_Example.java:25)
at testNG_FrameWork_Concepts.DataProvider_Example.getData(DataProvider_Example.java:25)
at testNG_FrameWork_Concepts.DataProvider_Example.getData(DataProvider_Example.java:25)
at testNG_FrameWork_Concepts.DataProvider_Example.getData(DataProvider_Example.java:25)
at testNG_FrameWork_Concepts.DataProvider_Example.getData(DataProvider_Example.java:25)
at testNG_FrameWork_Concepts.DataProvider_Example.getData(DataProvider_Example.java:25)
at testNG_FrameWork_Concepts.DataProvider_Example.getData(DataProvider_Example.java:25)
at testNG_FrameWork_Concepts.DataProvider_Example.getData(DataProvider_Example.java:25)
at testNG_FrameWork_Concepts.DataProvider_Example.getData(DataProvider_Example.java:25)
at testNG_FrameWork_Concepts.DataProvider_Example.getData(DataProvider_Example.java:25)
at testNG_FrameWork_Concepts.DataProvider_Example.getData(DataProvider_Example.java:25)
at testNG_FrameWork_Concepts.DataProvider_Example.getData(DataProvider_Example.java:25)
at testNG_FrameWork_Concepts.DataProvider_Example.getData(DataProvider_Example.java:25)
at testNG_FrameWork_Concepts.DataProvider_Example.getData(DataProvider_Example.java:25)
at testNG_FrameWork_Concepts.DataProvider_Example.getData(DataProvider_Example.java:25)
at testNG_FrameWork_Concepts.DataProvider_Example.getData(DataProvider_Example.java:25)
at testNG_FrameWork_Concepts.DataProvider_Example.getData(DataProvider_Example.java:25)
at testNG_FrameWork_Concepts.DataProvider_Example.getData(DataProvider_Example.java:25)
at testNG_FrameWork_Concepts.DataProvider_Example.getData(DataProvider_Example.java:25)
at testNG_FrameWork_Concepts.DataProvider_Example.getData(DataProvider_Example.java:25)
at testNG_FrameWork_Concepts.DataProvider_Example.getData(DataProvider_Example.java:25)
at testNG_FrameWork_Concepts.DataProvider_Example.getData(DataProvider_Example.java:25)
at testNG_FrameWork_Concepts.DataProvider_Example.getData(DataProvider_Example.java:25)
at testNG_FrameWork_Concepts.DataProvider_Example.getData(DataProvider_Example.java:25)
at testNG_FrameWork_Concepts.DataProvider_Example.getData(DataProvider_Example.java:25)
at testNG_FrameWork_Concepts.DataProvider_Example.getData(DataProvider_Example.java:25)
at testNG_FrameWork_Concepts.DataProvider_Example.getData(DataProvider_Example.java:25)
at testNG_FrameWork_Concepts.DataProvider_Example.getData(DataProvider_Example.java:25)
at testNG_FrameWork_Concepts.DataProvider_Example.getData(DataProvider_Example.java:25)
at testNG_FrameWork_Concepts.DataProvider_Example.getData(DataProvider_Example.java:25)
at testNG_FrameWork_Concepts.DataProvider_Example.getData(DataProvider_Example.java:25)
at testNG_FrameWork_Concepts.DataProvider_Example.getData(DataProvider_Example.java:25)
at testNG_FrameWork_Concepts.DataProvider_Example.getData(DataProvider_Example.java:25)
at testNG_FrameWork_Concepts.DataProvider_Example.getData(DataProvider_Example.java:25)
at testNG_FrameWork_Concepts.DataProvider_Example.getData(DataProvider_Example.java:25)
at testNG_FrameWork_Concepts.DataProvider_Example.getData(DataProvider_Example.java:25)
at testNG_FrameWork_Concepts.DataProvider_Example.getData(DataProvider_Example.java:25)
at testNG_FrameWork_Concepts.DataProvider_Example.getData(DataProvider_Example.java:25)
at testNG_FrameWork_Concepts.DataProvider_Example.getData(DataProvider_Example.java:25)
at testNG_FrameWork_Concepts.DataProvider_Example.getData(DataProvider_Example.java:25)
at testNG_FrameWork_Concepts.DataProvider_Example.getData(DataProvider_Example.java:25)
at testNG_FrameWork_Concepts.DataProvider_Example.getData(DataProvider_Example.java:25)
at testNG_FrameWork_Concepts.DataProvider_Example.getData(DataProvider_Example.java:25)
at testNG_FrameWork_Concepts.DataProvider_Example.getData(DataProvider_Example.java:25)
at testNG_FrameWork_Concepts.DataProvider_Example.getData(DataProvider_Example.java:25)
at testNG_FrameWork_Concepts.DataProvider_Example.getData(DataProvider_Example.java:25)
at testNG_FrameWork_Concepts.DataProvider_Example.getData(DataProvider_Example.java:25)
at testNG_FrameWork_Concepts.DataProvider_Example.getData(DataProvider_Example.java:25)
at testNG_FrameWork_Concepts.DataProvider_Example.getData(DataProvider_Example.java:25)
at testNG_FrameWork_Concepts.DataProvider_Example.getData(DataProvider_Example.java:25)
at testNG_FrameWork_Concepts.DataProvider_Example.getData(DataProvider_Example.java:25)
at testNG_FrameWork_Concepts.DataProvider_Example.getData(DataProvider_Example.java:25)
at testNG_FrameWork_Concepts.DataProvider_Example.getData(DataProvider_Example.java:25)
at testNG_FrameWork_Concepts.DataProvider_Example.getData(DataProvider_Example.java:25)
at testNG_FrameWork_Concepts.DataProvider_Example.getData(DataProvider_Example.java:25)
at testNG_FrameWork_Concepts.DataProvider_Example.getData(DataProvider_Example.java:25)
at testNG_FrameWork_Concepts.DataProvider_Example.getData(DataProvider_Example.java:25)
at testNG_FrameWork_Concepts.DataProvider_Example.getData(DataProvider_Example.java:25)
at testNG_FrameWork_Concepts.DataProvider_Example.getData(DataProvider_Example.java:25)
at testNG_FrameWork_Concepts.DataProvider_Example.getData(DataProvider_Example.java:25)
at testNG_FrameWork_Concepts.DataProvider_Example.getData(DataProvider_Example.java:25)
at testNG_FrameWork_Concepts.DataProvider_Example.getData(DataProvider_Example.java:25)
at testNG_FrameWork_Concepts.DataProvider_Example.getData(DataProvider_Example.java:25)
at testNG_FrameWork_Concepts.DataProvider_Example.getData(DataProvider_Example.java:25)
at testNG_FrameWork_Concepts.DataProvider_Example.getData(DataProvider_Example.java:25)
at testNG_FrameWork_Concepts.DataProvider_Example.getData(DataProvider_Example.java:25)
at testNG_FrameWork_Concepts.DataProvider_Example.getData(DataProvider_Example.java:25)
at testNG_FrameWork_Concepts.DataProvider_Example.getData(DataProvider_Example.java:25)
at testNG_FrameWork_Concepts.DataProvider_Example.getData(DataProvider_Example.java:25)
at testNG_FrameWork_Concepts.DataProvider_Example.getData(DataProvider_Example.java:25)
at testNG_FrameWork_Concepts.DataProvider_Example.getData(DataProvider_Example.java:25)
at testNG_FrameWork_Concepts.DataProvider_Example.getData(DataProvider_Example.java:25)
at testNG_FrameWork_Concepts.DataProvider_Example.getData(DataProvider_Example.java:25)
at testNG_FrameWork_Concepts.DataProvider_Example.getData(DataProvider_Example.java:25)
at testNG_FrameWork_Concepts.DataProvider_Example.getData(DataProvider_Example.java:25)
at testNG_FrameWork_Concepts.DataProvider_Example.getData(DataProvider_Example.java:25)
at testNG_FrameWork_Concepts.DataProvider_Example.getData(DataProvider_Example.java:25)
at testNG_FrameWork_Concepts.DataProvider_Example.getData(DataProvider_Example.java:25)
at testNG_FrameWork_Concepts.DataProvider_Example.getData(DataProvider_Example.java:25)
at testNG_FrameWork_Concepts.DataProvider_Example.getData(DataProvider_Example.java:25)
at testNG_FrameWork_Concepts.DataProvider_Example.getData(DataProvider_Example.java:25)
at testNG_FrameWork_Concepts.DataProvider_Example.getData(DataProvider_Example.java:25)
at testNG_FrameWork_Concepts.DataProvider_Example.getData(DataProvider_Example.java:25)
at testNG_FrameWork_Concepts.DataProvider_Example.getData(DataProvider_Example.java:25)
at testNG_FrameWork_Concepts.DataProvider_Example.getData(DataProvider_Example.java:25)
at testNG_FrameWork_Concepts.DataProvider_Example.getData(DataProvider_Example.java:25)
at testNG_FrameWork_Concepts.DataProvider_Example.getData(DataProvider_Example.java:25)
at testNG_FrameWork_Concepts.DataProvider_Example.getData(DataProvider_Example.java:25)
at testNG_FrameWork_Concepts.DataProvider_Example.getData(DataProvider_Example.java:25)
at testNG_FrameWork_Concepts.DataProvider_Example.getData(DataProvider_Example.java:25)
at testNG_FrameWork_Concepts.DataProvider_Example.getData(DataProvider_Example.java:25)
at testNG_FrameWork_Concepts.DataProvider_Example.getData(DataProvider_Example.java:25)
at testNG_FrameWork_Concepts.DataProvider_Example.getData(DataProvider_Example.java:25)
at testNG_FrameWork_Concepts.DataProvider_Example.getData(DataProvider_Example.java:25)
at testNG_FrameWork_Concepts.DataProvider_Example.getData(DataProvider_Example.java:25)
at testNG_FrameWork_Concepts.DataProvider_Example.getData(DataProvider_Example.java:25)
at testNG_FrameWork_Concepts.DataProvider_Example.getData(DataProvider_Example.java:25)
at testNG_FrameWork_Concepts.DataProvider_Example.getData(DataProvider_Example.java:25)
at testNG_FrameWork_Concepts.DataProvider_Example.getData(DataProvider_Example.java:25)
at testNG_FrameWork_Concepts.DataProvider_Example.getData(DataProvider_Example.java:25)
at testNG_FrameWork_Concepts.DataProvider_Example.getData(DataProvider_Example.java:25)
at testNG_FrameWork_Concepts.DataProvider_Example.getData(DataProvider_Example.java:25)
at testNG_FrameWork_Concepts.DataProvider_Example.getData(DataProvider_Example.java:25)
at testNG_FrameWork_Concepts.DataProvider_Example.getData(DataProvider_Example.java:25)
at testNG_FrameWork_Concepts.DataProvider_Example.getData(DataProvider_Example.java:25)
at testNG_FrameWork_Concepts.DataProvider_Example.getData(DataProvider_Example.java:25)
at testNG_FrameWork_Concepts.DataProvider_Example.getData(DataProvider_Example.java:25)
at testNG_FrameWork_Concepts.DataProvider_Example.getData(DataProvider_Example.java:25)
at testNG_FrameWork_Concepts.DataProvider_Example.getData(DataProvider_Example.java:25)
at testNG_FrameWork_Concepts.DataProvider_Example.getData(DataProvider_Example.java:25)
at testNG_FrameWork_Concepts.DataProvider_Example.getData(DataProvider_Example.java:25)
at testNG_FrameWork_Concepts.DataProvider_Example.getData(DataProvider_Example.java:25)
at testNG_FrameWork_Concepts.DataProvider_Example.getData(DataProvider_Example.java:25)
at testNG_FrameWork_Concepts.DataProvider_Example.getData(DataProvider_Example.java:25)
at testNG_FrameWork_Concepts.DataProvider_Example.getData(DataProvider_Example.java:25)
at testNG_FrameWork_Concepts.DataProvider_Example.getData(DataProvider_Example.java:25)
at testNG_FrameWork_Concepts.DataProvider_Example.getData(DataProvider_Example.java:25)
at testNG_FrameWork_Concepts.DataProvider_Example.getData(DataProvider_Example.java:25)
at testNG_FrameWork_Concepts.DataProvider_Example.getData(DataProvider_Example.java:25)
at testNG_FrameWork_Concepts.DataProvider_Example.getData(DataProvider_Example.java:25)
at testNG_FrameWork_Concepts.DataProvider_Example.getData(DataProvider_Example.java:25)
at testNG_FrameWork_Concepts.DataProvider_Example.getData(DataProvider_Example.java:25)
at testNG_FrameWork_Concepts.DataProvider_Example.getData(DataProvider_Example.java:25)
at testNG_FrameWork_Concepts.DataProvider_Example.getData(DataProvider_Example.java:25)
at testNG_FrameWork_Concepts.DataProvider_Example.getData(DataProvider_Example.java:25)
at testNG_FrameWork_Concepts.DataProvider_Example.getData(DataProvider_Example.java:25)
at testNG_FrameWork_Concepts.DataProvider_Example.getData(DataProvider_Example.java:25)
at testNG_FrameWork_Concepts.DataProvider_Example.getData(DataProvider_Example.java:25)
at testNG_FrameWork_Concepts.DataProvider_Example.getData(DataProvider_Example.java:25)
at testNG_FrameWork_Concepts.DataProvider_Example.getData(DataProvider_Example.java:25)
at testNG_FrameWork_Concepts.DataProvider_Example.getData(DataProvider_Example.java:25)
at testNG_FrameWork_Concepts.DataProvider_Example.getData(DataProvider_Example.java:25)
at testNG_FrameWork_Concepts.DataProvider_Example.getData(DataProvider_Example.java:25)
at testNG_FrameWork_Concepts.DataProvider_Example.getData(DataProvider_Example.java:25)
at testNG_FrameWork_Concepts.DataProvider_Example.getData(DataProvider_Example.java:25)
at testNG_FrameWork_Concepts.DataProvider_Example.getData(DataProvider_Example.java:25)
at testNG_FrameWork_Concepts.DataProvider_Example.getData(DataProvider_Example.java:25)
at testNG_FrameWork_Concepts.DataProvider_Example.getData(DataProvider_Example.java:25)
at testNG_FrameWork_Concepts.DataProvider_Example.getData(DataProvider_Example.java:25)
at testNG_FrameWork_Concepts.DataProvider_Example.getData(DataProvider_Example.java:25)
at testNG_FrameWork_Concepts.DataProvider_Example.getData(DataProvider_Example.java:25)
at testNG_FrameWork_Concepts.DataProvider_Example.getData(DataProvider_Example.java:25)
at testNG_FrameWork_Concepts.DataProvider_Example.getData(DataProvider_Example.java:25)
at testNG_FrameWork_Concepts.DataProvider_Example.getData(DataProvider_Example.java:25)
at testNG_FrameWork_Concepts.DataProvider_Example.getData(DataProvider_Example.java:25)
at testNG_FrameWork_Concepts.DataProvider_Example.getData(DataProvider_Example.java:25)
at testNG_FrameWork_Concepts.DataProvider_Example.getData(DataProvider_Example.java:25)
at testNG_FrameWork_Concepts.DataProvider_Example.getData(DataProvider_Example.java:25)
at testNG_FrameWork_Concepts.DataProvider_Example.getData(DataProvider_Example.java:25)
at testNG_FrameWork_Concepts.DataProvider_Example.getData(DataProvider_Example.java:25)
at testNG_FrameWork_Concepts.DataProvider_Example.getData(DataProvider_Example.java:25)
at testNG_FrameWork_Concepts.DataProvider_Example.getData(DataProvider_Example.java:25)
at testNG_FrameWork_Concepts.DataProvider_Example.getData(DataProvider_Example.java:25)
at testNG_FrameWork_Concepts.DataProvider_Example.getData(DataProvider_Example.java:25)
at testNG_FrameWork_Concepts.DataProvider_Example.getData(DataProvider_Example.java:25)
at testNG_FrameWork_Concepts.DataProvider_Example.getData(DataProvider_Example.java:25)
at testNG_FrameWork_Concepts.DataProvider_Example.getData(DataProvider_Example.java:25)
at testNG_FrameWork_Concepts.DataProvider_Example.getData(DataProvider_Example.java:25)
at testNG_FrameWork_Concepts.DataProvider_Example.getData(DataProvider_Example.java:25)
at testNG_FrameWork_Concepts.DataProvider_Example.getData(DataProvider_Example.java:25)
at testNG_FrameWork_Concepts.DataProvider_Example.getData(DataProvider_Example.java:25)
at testNG_FrameWork_Concepts.DataProvider_Example.getData(DataProvider_Example.java:25)
at testNG_FrameWork_Concepts.DataProvider_Example.getData(DataProvider_Example.java:25)
at testNG_FrameWork_Concepts.DataProvider_Example.getData(DataProvider_Example.java:25)
at testNG_FrameWork_Concepts.DataProvider_Example.getData(DataProvider_Example.java:25)
at testNG_FrameWork_Concepts.DataProvider_Example.getData(DataProvider_Example.java:25)
at testNG_FrameWork_Concepts.DataProvider_Example.getData(DataProvider_Example.java:25)
at testNG_FrameWork_Concepts.DataProvider_Example.getData(DataProvider_Example.java:25)
at testNG_FrameWork_Concepts.DataProvider_Example.getData(DataProvider_Example.java:25)
at testNG_FrameWork_Concepts.DataProvider_Example.getData(DataProvider_Example.java:25)
at testNG_FrameWork_Concepts.DataProvider_Example.getData(DataProvider_Example.java:25)
at testNG_FrameWork_Concepts.DataProvider_Example.getData(DataProvider_Example.java:25)
at testNG_FrameWork_Concepts.DataProvider_Example.getData(DataProvider_Example.java:25)
at testNG_FrameWork_Concepts.DataProvider_Example.getData(DataProvider_Example.java:25)
at testNG_FrameWork_Concepts.DataProvider_Example.getData(DataProvider_Example.java:25)
at testNG_FrameWork_Concepts.DataProvider_Example.getData(DataProvider_Example.java:25)
at testNG_FrameWork_Concepts.DataProvider_Example.getData(DataProvider_Example.java:25)
at testNG_FrameWork_Concepts.DataProvider_Example.getData(DataProvider_Example.java:25)
at testNG_FrameWork_Concepts.DataProvider_Example.getData(DataProvider_Example.java:25)
at testNG_FrameWork_Concepts.DataProvider_Example.getData(DataProvider_Example.java:25)
at testNG_FrameWork_Concepts.DataProvider_Example.getData(DataProvider_Example.java:25)
at testNG_FrameWork_Concepts.DataProvider_Example.getData(DataProvider_Example.java:25)
at testNG_FrameWork_Concepts.DataProvider_Example.getData(DataProvider_Example.java:25)
at testNG_FrameWork_Concepts.DataProvider_Example.getData(DataProvider_Example.java:25)
at testNG_FrameWork_Concepts.DataProvider_Example.getData(DataProvider_Example.java:25)
at testNG_FrameWork_Concepts.DataProvider_Example.getData(DataProvider_Example.java:25)
at testNG_FrameWork_Concepts.DataProvider_Example.getData(DataProvider_Example.java:25)
at testNG_FrameWork_Concepts.DataProvider_Example.getData(DataProvider_Example.java:25)
at testNG_FrameWork_Concepts.DataProvider_Example.getData(DataProvider_Example.java:25)
at testNG_FrameWork_Concepts.DataProvider_Example.getData(DataProvider_Example.java:25)
at testNG_FrameWork_Concepts.DataProvider_Example.getData(DataProvider_Example.java:25)
at testNG_FrameWork_Concepts.DataProvider_Example.getData(DataProvider_Example.java:25)
at testNG_FrameWork_Concepts.DataProvider_Example.getData(DataProvider_Example.java:25)
at testNG_FrameWork_Concepts.DataProvider_Example.getData(DataProvider_Example.java:25)
at testNG_FrameWork_Concepts.DataProvider_Example.getData(DataProvider_Example.java:25)
at testNG_FrameWork_Concepts.DataProvider_Example.getData(DataProvider_Example.java:25)
at testNG_FrameWork_Concepts.DataProvider_Example.getData(DataProvider_Example.java:25)
at testNG_FrameWork_Concepts.DataProvider_Example.getData(DataProvider_Example.java:25)
at testNG_FrameWork_Concepts.DataProvider_Example.getData(DataProvider_Example.java:25)
at testNG_FrameWork_Concepts.DataProvider_Example.getData(DataProvider_Example.java:25)
at testNG_FrameWork_Concepts.DataProvider_Example.getData(DataProvider_Example.java:25)
at testNG_FrameWork_Concepts.DataProvider_Example.getData(DataProvider_Example.java:25)
at testNG_FrameWork_Concepts.DataProvider_Example.getData(DataProvider_Example.java:25)
at testNG_FrameWork_Concepts.DataProvider_Example.getData(DataProvider_Example.java:25)
at testNG_FrameWork_Concepts.DataProvider_Example.getData(DataProvider_Example.java:25)
at testNG_FrameWork_Concepts.DataProvider_Example.getData(DataProvider_Example.java:25)
at testNG_FrameWork_Concepts.DataProvider_Example.getData(DataProvider_Example.java:25)
at testNG_FrameWork_Concepts.DataProvider_Example.getData(DataProvider_Example.java:25)
at testNG_FrameWork_Concepts.DataProvider_Example.getData(DataProvider_Example.java:25)
at testNG_FrameWork_Concepts.DataProvider_Example.getData(DataProvider_Example.java:25)
at testNG_FrameWork_Concepts.DataProvider_Example.getData(DataProvider_Example.java:25)
at testNG_FrameWork_Concepts.DataProvider_Example.getData(DataProvider_Example.java:25)
at testNG_FrameWork_Concepts.DataProvider_Example.getData(DataProvider_Example.java:25)
at testNG_FrameWork_Concepts.DataProvider_Example.getData(DataProvider_Example.java:25)
at testNG_FrameWork_Concepts.DataProvider_Example.getData(DataProvider_Example.java:25)
at testNG_FrameWork_Concepts.DataProvider_Example.getData(DataProvider_Example.java:25)
at testNG_FrameWork_Concepts.DataProvider_Example.getData(DataProvider_Example.java:25)
at testNG_FrameWork_Concepts.DataProvider_Example.getData(DataProvider_Example.java:25)
at testNG_FrameWork_Concepts.DataProvider_Example.getData(DataProvider_Example.java:25)
at testNG_FrameWork_Concepts.DataProvider_Example.getData(DataProvider_Example.java:25)
at testNG_FrameWork_Concepts.DataProvider_Example.getData(DataProvider_Example.java:25)
at testNG_FrameWork_Concepts.DataProvider_Example.getData(DataProvider_Example.java:25)
at testNG_FrameWork_Concepts.DataProvider_Example.getData(DataProvider_Example.java:25)
at testNG_FrameWork_Concepts.DataProvider_Example.getData(DataProvider_Example.java:25)
at testNG_FrameWork_Concepts.DataProvider_Example.getData(DataProvider_Example.java:25)
at testNG_FrameWork_Concepts.DataProvider_Example.getData(DataProvider_Example.java:25)
at testNG_FrameWork_Concepts.DataProvider_Example.getData(DataProvider_Example.java:25)
at testNG_FrameWork_Concepts.DataProvider_Example.getData(DataProvider_Example.java:25)
at testNG_FrameWork_Concepts.DataProvider_Example.getData(DataProvider_Example.java:25)
at testNG_FrameWork_Concepts.DataProvider_Example.getData(DataProvider_Example.java:25)
at testNG_FrameWork_Concepts.DataProvider_Example.getData(DataProvider_Example.java:25)
at testNG_FrameWork_Concepts.DataProvider_Example.getData(DataProvider_Example.java:25)
at testNG_FrameWork_Concepts.DataProvider_Example.getData(DataProvider_Example.java:25)
at testNG_FrameWork_Concepts.DataProvider_Example.getData(DataProvider_Example.java:25)
at testNG_FrameWork_Concepts.DataProvider_Example.getData(DataProvider_Example.java:25)
at testNG_FrameWork_Concepts.DataProvider_Example.getData(DataProvider_Example.java:25)
at testNG_FrameWork_Concepts.DataProvider_Example.getData(DataProvider_Example.java:25)
at testNG_FrameWork_Concepts.DataProvider_Example.getData(DataProvider_Example.java:25)
at testNG_FrameWork_Concepts.DataProvider_Example.getData(DataProvider_Example.java:25)
at testNG_FrameWork_Concepts.DataProvider_Example.getData(DataProvider_Example.java:25)
at testNG_FrameWork_Concepts.DataProvider_Example.getData(DataProvider_Example.java:25)
at testNG_FrameWork_Concepts.DataProvider_Example.getData(DataProvider_Example.java:25)
at testNG_FrameWork_Concepts.DataProvider_Example.getData(DataProvider_Example.java:25)
at testNG_FrameWork_Concepts.DataProvider_Example.getData(DataProvider_Example.java:25)
at testNG_FrameWork_Concepts.DataProvider_Example.getData(DataProvider_Example.java:25)
at testNG_FrameWork_Concepts.DataProvider_Example.getData(DataProvider_Example.java:25)
at testNG_FrameWork_Concepts.DataProvider_Example.getData(DataProvider_Example.java:25)
at testNG_FrameWork_Concepts.DataProvider_Example.getData(DataProvider_Example.java:25)
at testNG_FrameWork_Concepts.DataProvider_Example.getData(DataProvider_Example.java:25)
at testNG_FrameWork_Concepts.DataProvider_Example.getData(DataProvider_Example.java:25)
at testNG_FrameWork_Concepts.DataProvider_Example.getData(DataProvider_Example.java:25)
at testNG_FrameWork_Concepts.DataProvider_Example.getData(DataProvider_Example.java:25)
at testNG_FrameWork_Concepts.DataProvider_Example.getData(DataProvider_Example.java:25)
at testNG_FrameWork_Concepts.DataProvider_Example.getData(DataProvider_Example.java:25)
at testNG_FrameWork_Concepts.DataProvider_Example.getData(DataProvider_Example.java:25)
at testNG_FrameWork_Concepts.DataProvider_Example.getData(DataProvider_Example.java:25)
at testNG_FrameWork_Concepts.DataProvider_Example.getData(DataProvider_Example.java:25)
at testNG_FrameWork_Concepts.DataProvider_Example.getData(DataProvider_Example.java:25)
at testNG_FrameWork_Concepts.DataProvider_Example.getData(DataProvider_Example.java:25)
at testNG_FrameWork_Concepts.DataProvider_Example.getData(DataProvider_Example.java:25)
at testNG_FrameWork_Concepts.DataProvider_Example.getData(DataProvider_Example.java:25)
at testNG_FrameWork_Concepts.DataProvider_Example.getData(DataProvider_Example.java:25)
at testNG_FrameWork_Concepts.DataProvider_Example.getData(DataProvider_Example.java:25)
at testNG_FrameWork_Concepts.DataProvider_Example.getData(DataProvider_Example.java:25)
at testNG_FrameWork_Concepts.DataProvider_Example.getData(DataProvider_Example.java:25)
at testNG_FrameWork_Concepts.DataProvider_Example.getData(DataProvider_Example.java:25)
at testNG_FrameWork_Concepts.DataProvider_Example.getData(DataProvider_Example.java:25)
at testNG_FrameWork_Concepts.DataProvider_Example.getData(DataProvider_Example.java:25)
at testNG_FrameWork_Concepts.DataProvider_Example.getData(DataProvider_Example.java:25)
at testNG_FrameWork_Concepts.DataProvider_Example.getData(DataProvider_Example.java:25)
at testNG_FrameWork_Concepts.DataProvider_Example.getData(DataProvider_Example.java:25)
at testNG_FrameWork_Concepts.DataProvider_Example.getData(DataProvider_Example.java:25)
at testNG_FrameWork_Concepts.DataProvider_Example.getData(DataProvider_Example.java:25)
at testNG_FrameWork_Concepts.DataProvider_Example.getData(DataProvider_Example.java:25)
at testNG_FrameWork_Concepts.DataProvider_Example.getData(DataProvider_Example.java:25)
at testNG_FrameWork_Concepts.DataProvider_Example.getData(DataProvider_Example.java:25)
at testNG_FrameWork_Concepts.DataProvider_Example.getData(DataProvider_Example.java:25)
at testNG_FrameWork_Concepts.DataProvider_Example.getData(DataProvider_Example.java:25)
at testNG_FrameWork_Concepts.DataProvider_Example.getData(DataProvider_Example.java:25)
at testNG_FrameWork_Concepts.DataProvider_Example.getData(DataProvider_Example.java:25)
at testNG_FrameWork_Concepts.DataProvider_Example.getData(DataProvider_Example.java:25)
at testNG_FrameWork_Concepts.DataProvider_Example.getData(DataProvider_Example.java:25)
at testNG_FrameWork_Concepts.DataProvider_Example.getData(DataProvider_Example.java:25)
at testNG_FrameWork_Concepts.DataProvider_Example.getData(DataProvider_Example.java:25)
at testNG_FrameWork_Concepts.DataProvider_Example.getData(DataProvider_Example.java:25)
at testNG_FrameWork_Concepts.DataProvider_Example.getData(DataProvider_Example.java:25)
at testNG_FrameWork_Concepts.DataProvider_Example.getData(DataProvider_Example.java:25)
at testNG_FrameWork_Concepts.DataProvider_Example.getData(DataProvider_Example.java:25)
at testNG_FrameWork_Concepts.DataProvider_Example.getData(DataProvider_Example.java:25)
at testNG_FrameWork_Concepts.DataProvider_Example.getData(DataProvider_Example.java:25)
at testNG_FrameWork_Concepts.DataProvider_Example.getData(DataProvider_Example.java:25)
at testNG_FrameWork_Concepts.DataProvider_Example.getData(DataProvider_Example.java:25)
at testNG_FrameWork_Concepts.DataProvider_Example.getData(DataProvider_Example.java:25)
at testNG_FrameWork_Concepts.DataProvider_Example.getData(DataProvider_Example.java:25)
at testNG_FrameWork_Concepts.DataProvider_Example.getData(DataProvider_Example.java:25)
at testNG_FrameWork_Concepts.DataProvider_Example.getData(DataProvider_Example.java:25)
at testNG_FrameWork_Concepts.DataProvider_Example.getData(DataProvider_Example.java:25)
at testNG_FrameWork_Concepts.DataProvider_Example.getData(DataProvider_Example.java:25)
at testNG_FrameWork_Concepts.DataProvider_Example.getData(DataProvider_Example.java:25)
at testNG_FrameWork_Concepts.DataProvider_Example.getData(DataProvider_Example.java:25)
at testNG_FrameWork_Concepts.DataProvider_Example.getData(DataProvider_Example.java:25)
at testNG_FrameWork_Concepts.DataProvider_Example.getData(DataProvider_Example.java:25)
at testNG_FrameWork_Concepts.DataProvider_Example.getData(DataProvider_Example.java:25)
at testNG_FrameWork_Concepts.DataProvider_Example.getData(DataProvider_Example.java:25)
at testNG_FrameWork_Concepts.DataProvider_Example.getData(DataProvider_Example.java:25)
at testNG_FrameWork_Concepts.DataProvider_Example.getData(DataProvider_Example.java:25)
at testNG_FrameWork_Concepts.DataProvider_Example.getData(DataProvider_Example.java:25)
at testNG_FrameWork_Concepts.DataProvider_Example.getData(DataProvider_Example.java:25)
at testNG_FrameWork_Concepts.DataProvider_Example.getData(DataProvider_Example.java:25)
at testNG_FrameWork_Concepts.DataProvider_Example.getData(DataProvider_Example.java:25)
at testNG_FrameWork_Concepts.DataProvider_Example.getData(DataProvider_Example.java:25)
at testNG_FrameWork_Concepts.DataProvider_Example.getData(DataProvider_Example.java:25)
at testNG_FrameWork_Concepts.DataProvider_Example.getData(DataProvider_Example.java:25)
at testNG_FrameWork_Concepts.DataProvider_Example.getData(DataProvider_Example.java:25)
at testNG_FrameWork_Concepts.DataProvider_Example.getData(DataProvider_Example.java:25)
at testNG_FrameWork_Concepts.DataProvider_Example.getData(DataProvider_Example.java:25)
at testNG_FrameWork_Concepts.DataProvider_Example.getData(DataProvider_Example.java:25)
at testNG_FrameWork_Concepts.DataProvider_Example.getData(DataProvider_Example.java:25)
at testNG_FrameWork_Concepts.DataProvider_Example.getData(DataProvider_Example.java:25)
at testNG_FrameWork_Concepts.DataProvider_Example.getData(DataProvider_Example.java:25)
at testNG_FrameWork_Concepts.DataProvider_Example.getData(DataProvider_Example.java:25)
at testNG_FrameWork_Concepts.DataProvider_Example.getData(DataProvider_Example.java:25)
at testNG_FrameWork_Concepts.DataProvider_Example.getData(DataProvider_Example.java:25)
at testNG_FrameWork_Concepts.DataProvider_Example.getData(DataProvider_Example.java:25)
at testNG_FrameWork_Concepts.DataProvider_Example.getData(DataProvider_Example.java:25)
at testNG_FrameWork_Concepts.DataProvider_Example.getData(DataProvider_Example.java:25)
at testNG_FrameWork_Concepts.DataProvider_Example.getData(DataProvider_Example.java:25)
at testNG_FrameWork_Concepts.DataProvider_Example.getData(DataProvider_Example.java:25)
at testNG_FrameWork_Concepts.DataProvider_Example.getData(DataProvider_Example.java:25)
at testNG_FrameWork_Concepts.DataProvider_Example.getData(DataProvider_Example.java:25)
at testNG_FrameWork_Concepts.DataProvider_Example.getData(DataProvider_Example.java:25)
at testNG_FrameWork_Concepts.DataProvider_Example.getData(DataProvider_Example.java:25)
at testNG_FrameWork_Concepts.DataProvider_Example.getData(DataProvider_Example.java:25)
at testNG_FrameWork_Concepts.DataProvider_Example.getData(DataProvider_Example.java:25)
at testNG_FrameWork_Concepts.DataProvider_Example.getData(DataProvider_Example.java:25)
at testNG_FrameWork_Concepts.DataProvider_Example.getData(DataProvider_Example.java:25)
at testNG_FrameWork_Concepts.DataProvider_Example.getData(DataProvider_Example.java:25)
at testNG_FrameWork_Concepts.DataProvider_Example.getData(DataProvider_Example.java:25)
at testNG_FrameWork_Concepts.DataProvider_Example.getData(DataProvider_Example.java:25)
at testNG_FrameWork_Concepts.DataProvider_Example.getData(DataProvider_Example.java:25)
at testNG_FrameWork_Concepts.DataProvider_Example.getData(DataProvider_Example.java:25)
at testNG_FrameWork_Concepts.DataProvider_Example.getData(DataProvider_Example.java:25)
at testNG_FrameWork_Concepts.DataProvider_Example.getData(DataProvider_Example.java:25)
at testNG_FrameWork_Concepts.DataProvider_Example.getData(DataProvider_Example.java:25)
at testNG_FrameWork_Concepts.DataProvider_Example.getData(DataProvider_Example.java:25)
at testNG_FrameWork_Concepts.DataProvider_Example.getData(DataProvider_Example.java:25)
at testNG_FrameWork_Concepts.DataProvider_Example.getData(DataProvider_Example.java:25)
at testNG_FrameWork_Concepts.DataProvider_Example.getData(DataProvider_Example.java:25)
at testNG_FrameWork_Concepts.DataProvider_Example.getData(DataProvider_Example.java:25)
at testNG_FrameWork_Concepts.DataProvider_Example.getData(DataProvider_Example.java:25)
at testNG_FrameWork_Concepts.DataProvider_Example.getData(DataProvider_Example.java:25)
at testNG_FrameWork_Concepts.DataProvider_Example.getData(DataProvider_Example.java:25)
at testNG_FrameWork_Concepts.DataProvider_Example.getData(DataProvider_Example.java:25)
at testNG_FrameWork_Concepts.DataProvider_Example.getData(DataProvider_Example.java:25)
at testNG_FrameWork_Concepts.DataProvider_Example.getData(DataProvider_Example.java:25)
at testNG_FrameWork_Concepts.DataProvider_Example.getData(DataProvider_Example.java:25)
at testNG_FrameWork_Concepts.DataProvider_Example.getData(DataProvider_Example.java:25)
at testNG_FrameWork_Concepts.DataProvider_Example.getData(DataProvider_Example.java:25)
at testNG_FrameWork_Concepts.DataProvider_Example.getData(DataProvider_Example.java:25)
at testNG_FrameWork_Concepts.DataProvider_Example.getData(DataProvider_Example.java:25)
at testNG_FrameWork_Concepts.DataProvider_Example.getData(DataProvider_Example.java:25)
at testNG_FrameWork_Concepts.DataProvider_Example.getData(DataProvider_Example.java:25)
at testNG_FrameWork_Concepts.DataProvider_Example.getData(DataProvider_Example.java:25)
at testNG_FrameWork_Concepts.DataProvider_Example.getData(DataProvider_Example.java:25)
at testNG_FrameWork_Concepts.DataProvider_Example.getData(DataProvider_Example.java:25)
at testNG_FrameWork_Concepts.DataProvider_Example.getData(DataProvider_Example.java:25)
at testNG_FrameWork_Concepts.DataProvider_Example.getData(DataProvider_Example.java:25)
at testNG_FrameWork_Concepts.DataProvider_Example.getData(DataProvider_Example.java:25)
at testNG_FrameWork_Concepts.DataProvider_Example.getData(DataProvider_Example.java:25)
at testNG_FrameWork_Concepts.DataProvider_Example.getData(DataProvider_Example.java:25)
at testNG_FrameWork_Concepts.DataProvider_Example.getData(DataProvider_Example.java:25)
at testNG_FrameWork_Concepts.DataProvider_Example.getData(DataProvider_Example.java:25)
at testNG_FrameWork_Concepts.DataProvider_Example.getData(DataProvider_Example.java:25)
at testNG_FrameWork_Concepts.DataProvider_Example.getData(DataProvider_Example.java:25)
at testNG_FrameWork_Concepts.DataProvider_Example.getData(DataProvider_Example.java:25)
at testNG_FrameWork_Concepts.DataProvider_Example.getData(DataProvider_Example.java:25)
at testNG_FrameWork_Concepts.DataProvider_Example.getData(DataProvider_Example.java:25)
at testNG_FrameWork_Concepts.DataProvider_Example.getData(DataProvider_Example.java:25)
at testNG_FrameWork_Concepts.DataProvider_Example.getData(DataProvider_Example.java:25)
at testNG_FrameWork_Concepts.DataProvider_Example.getData(DataProvider_Example.java:25)
at testNG_FrameWork_Concepts.DataProvider_Example.getData(DataProvider_Example.java:25)
at testNG_FrameWork_Concepts.DataProvider_Example.getData(DataProvider_Example.java:25)
at testNG_FrameWork_Concepts.DataProvider_Example.getData(DataProvider_Example.java:25)
at testNG_FrameWork_Concepts.DataProvider_Example.getData(DataProvider_Example.java:25)
at testNG_FrameWork_Concepts.DataProvider_Example.getData(DataProvider_Example.java:25)
at testNG_FrameWork_Concepts.DataProvider_Example.getData(DataProvider_Example.java:25)
at testNG_FrameWork_Concepts.DataProvider_Example.getData(DataProvider_Example.java:25)
at testNG_FrameWork_Concepts.DataProvider_Example.getData(DataProvider_Example.java:25)
at testNG_FrameWork_Concepts.DataProvider_Example.getData(DataProvider_Example.java:25)
at testNG_FrameWork_Concepts.DataProvider_Example.getData(DataProvider_Example.java:25)
at testNG_FrameWork_Concepts.DataProvider_Example.getData(DataProvider_Example.java:25)
at testNG_FrameWork_Concepts.DataProvider_Example.getData(DataProvider_Example.java:25)
at testNG_FrameWork_Concepts.DataProvider_Example.getData(DataProvider_Example.java:25)
at testNG_FrameWork_Concepts.DataProvider_Example.getData(DataProvider_Example.java:25)
at testNG_FrameWork_Concepts.DataProvider_Example.getData(DataProvider_Example.java:25)
at testNG_FrameWork_Concepts.DataProvider_Example.getData(DataProvider_Example.java:25)
at testNG_FrameWork_Concepts.DataProvider_Example.getData(DataProvider_Example.java:25)
at testNG_FrameWork_Concepts.DataProvider_Example.getData(DataProvider_Example.java:25)
at testNG_FrameWork_Concepts.DataProvider_Example.getData(DataProvider_Example.java:25)
at testNG_FrameWork_Concepts.DataProvider_Example.getData(DataProvider_Example.java:25)
at testNG_FrameWork_Concepts.DataProvider_Example.getData(DataProvider_Example.java:25)
at testNG_FrameWork_Concepts.DataProvider_Example.getData(DataProvider_Example.java:25)
at testNG_FrameWork_Concepts.DataProvider_Example.getData(DataProvider_Example.java:25)
at testNG_FrameWork_Concepts.DataProvider_Example.getData(DataProvider_Example.java:25)
at testNG_FrameWork_Concepts.DataProvider_Example.getData(DataProvider_Example.java:25)
at testNG_FrameWork_Concepts.DataProvider_Example.getData(DataProvider_Example.java:25)
at testNG_FrameWork_Concepts.DataProvider_Example.getData(DataProvider_Example.java:25)
at testNG_FrameWork_Concepts.DataProvider_Example.getData(DataProvider_Example.java:25)
at testNG_FrameWork_Concepts.DataProvider_Example.getData(DataProvider_Example.java:25)
at testNG_FrameWork_Concepts.DataProvider_Example.getData(DataProvider_Example.java:25)
at testNG_FrameWork_Concepts.DataProvider_Example.getData(DataProvider_Example.java:25)
at testNG_FrameWork_Concepts.DataProvider_Example.getData(DataProvider_Example.java:25)
at testNG_FrameWork_Concepts.DataProvider_Example.getData(DataProvider_Example.java:25)
at testNG_FrameWork_Concepts.DataProvider_Example.getData(DataProvider_Example.java:25)
at testNG_FrameWork_Concepts.DataProvider_Example.getData(DataProvider_Example.java:25)
at testNG_FrameWork_Concepts.DataProvider_Example.getData(DataProvider_Example.java:25)
at testNG_FrameWork_Concepts.DataProvider_Example.getData(DataProvider_Example.java:25)
at testNG_FrameWork_Concepts.DataProvider_Example.getData(DataProvider_Example.java:25)
at testNG_FrameWork_Concepts.DataProvider_Example.getData(DataProvider_Example.java:25)
at testNG_FrameWork_Concepts.DataProvider_Example.getData(DataProvider_Example.java:25)
at testNG_FrameWork_Concepts.DataProvider_Example.getData(DataProvider_Example.java:25)
at testNG_FrameWork_Concepts.DataProvider_Example.getData(DataProvider_Example.java:25)
at testNG_FrameWork_Concepts.DataProvider_Example.getData(DataProvider_Example.java:25)
at testNG_FrameWork_Concepts.DataProvider_Example.getData(DataProvider_Example.java:25)
at testNG_FrameWork_Concepts.DataProvider_Example.getData(DataProvider_Example.java:25)
at testNG_FrameWork_Concepts.DataProvider_Example.getData(DataProvider_Example.java:25)
at testNG_FrameWork_Concepts.DataProvider_Example.getData(DataProvider_Example.java:25)
at testNG_FrameWork_Concepts.DataProvider_Example.getData(DataProvider_Example.java:25)
at testNG_FrameWork_Concepts.DataProvider_Example.getData(DataProvider_Example.java:25)
at testNG_FrameWork_Concepts.DataProvider_Example.getData(DataProvider_Example.java:25)
at testNG_FrameWork_Concepts.DataProvider_Example.getData(DataProvider_Example.java:25)
at testNG_FrameWork_Concepts.DataProvider_Example.getData(DataProvider_Example.java:25)
at testNG_FrameWork_Concepts.DataProvider_Example.getData(DataProvider_Example.java:25)
at testNG_FrameWork_Concepts.DataProvider_Example.getData(DataProvider_Example.java:25)
at testNG_FrameWork_Concepts.DataProvider_Example.getData(DataProvider_Example.java:25)
at testNG_FrameWork_Concepts.DataProvider_Example.getData(DataProvider_Example.java:25)
at testNG_FrameWork_Concepts.DataProvider_Example.getData(DataProvider_Example.java:25)
at testNG_FrameWork_Concepts.DataProvider_Example.getData(DataProvider_Example.java:25)
at testNG_FrameWork_Concepts.DataProvider_Example.getData(DataProvider_Example.java:25)
at testNG_FrameWork_Concepts.DataProvider_Example.getData(DataProvider_Example.java:25)
at testNG_FrameWork_Concepts.DataProvider_Example.getData(DataProvider_Example.java:25)
at testNG_FrameWork_Concepts.DataProvider_Example.getData(DataProvider_Example.java:25)
at testNG_FrameWork_Concepts.DataProvider_Example.getData(DataProvider_Example.java:25)
at testNG_FrameWork_Concepts.DataProvider_Example.getData(DataProvider_Example.java:25)
at testNG_FrameWork_Concepts.DataProvider_Example.getData(DataProvider_Example.java:25)
at testNG_FrameWork_Concepts.DataProvider_Example.getData(DataProvider_Example.java:25)
at testNG_FrameWork_Concepts.DataProvider_Example.getData(DataProvider_Example.java:25)
at testNG_FrameWork_Concepts.DataProvider_Example.getData(DataProvider_Example.java:25)
at testNG_FrameWork_Concepts.DataProvider_Example.getData(DataProvider_Example.java:25)
at testNG_FrameWork_Concepts.DataProvider_Example.getData(DataProvider_Example.java:25)
at testNG_FrameWork_Concepts.DataProvider_Example.getData(DataProvider_Example.java:25)
at testNG_FrameWork_Concepts.DataProvider_Example.getData(DataProvider_Example.java:25)
at testNG_FrameWork_Concepts.DataProvider_Example.getData(DataProvider_Example.java:25)
at testNG_FrameWork_Concepts.DataProvider_Example.getData(DataProvider_Example.java:25)
at testNG_FrameWork_Concepts.DataProvider_Example.getData(DataProvider_Example.java:25)
at testNG_FrameWork_Concepts.DataProvider_Example.getData(DataProvider_Example.java:25)
at testNG_FrameWork_Concepts.DataProvider_Example.getData(DataProvider_Example.java:25)
at testNG_FrameWork_Concepts.DataProvider_Example.getData(DataProvider_Example.java:25)
at testNG_FrameWork_Concepts.DataProvider_Example.getData(DataProvider_Example.java:25)
at testNG_FrameWork_Concepts.DataProvider_Example.getData(DataProvider_Example.java:25)
at testNG_FrameWork_Concepts.DataProvider_Example.getData(DataProvider_Example.java:25)
at testNG_FrameWork_Concepts.DataProvider_Example.getData(DataProvider_Example.java:25)
at testNG_FrameWork_Concepts.DataProvider_Example.getData(DataProvider_Example.java:25)
at testNG_FrameWork_Concepts.DataProvider_Example.getData(DataProvider_Example.java:25)
at testNG_FrameWork_Concepts.DataProvider_Example.getData(DataProvider_Example.java:25)
at testNG_FrameWork_Concepts.DataProvider_Example.getData(DataProvider_Example.java:25)
at testNG_FrameWork_Concepts.DataProvider_Example.getData(DataProvider_Example.java:25)
at testNG_FrameWork_Concepts.DataProvider_Example.getData(DataProvider_Example.java:25)
at testNG_FrameWork_Concepts.DataProvider_Example.getData(DataProvider_Example.java:25)
at testNG_FrameWork_Concepts.DataProvider_Example.getData(DataProvider_Example.java:25)
at testNG_FrameWork_Concepts.DataProvider_Example.getData(DataProvider_Example.java:25)
at testNG_FrameWork_Concepts.DataProvider_Example.getData(DataProvider_Example.java:25)
at testNG_FrameWork_Concepts.DataProvider_Example.getData(DataProvider_Example.java:25)
at testNG_FrameWork_Concepts.DataProvider_Example.getData(DataProvider_Example.java:25)
at testNG_FrameWork_Concepts.DataProvider_Example.getData(DataProvider_Example.java:25)
at testNG_FrameWork_Concepts.DataProvider_Example.getData(DataProvider_Example.java:25)
at testNG_FrameWork_Concepts.DataProvider_Example.getData(DataProvider_Example.java:25)
at testNG_FrameWork_Concepts.DataProvider_Example.getData(DataProvider_Example.java:25)
at testNG_FrameWork_Concepts.DataProvider_Example.getData(DataProvider_Example.java:25)
at testNG_FrameWork_Concepts.DataProvider_Example.getData(DataProvider_Example.java:25)
at testNG_FrameWork_Concepts.DataProvider_Example.getData(DataProvider_Example.java:25)
at testNG_FrameWork_Concepts.DataProvider_Example.getData(DataProvider_Example.java:25)
at testNG_FrameWork_Concepts.DataProvider_Example.getData(DataProvider_Example.java:25)
at testNG_FrameWork_Concepts.DataProvider_Example.getData(DataProvider_Example.java:25)
at testNG_FrameWork_Concepts.DataProvider_Example.getData(DataProvider_Example.java:25)
at testNG_FrameWork_Concepts.DataProvider_Example.getData(DataProvider_Example.java:25)
at testNG_FrameWork_Concepts.DataProvider_Example.getData(DataProvider_Example.java:25)
at testNG_FrameWork_Concepts.DataProvider_Example.getData(DataProvider_Example.java:25)
at testNG_FrameWork_Concepts.DataProvider_Example.getData(DataProvider_Example.java:25)
at testNG_FrameWork_Concepts.DataProvider_Example.getData(DataProvider_Example.java:25)
at testNG_FrameWork_Concepts.DataProvider_Example.getData(DataProvider_Example.java:25)
at testNG_FrameWork_Concepts.DataProvider_Example.getData(DataProvider_Example.java:25)
at testNG_FrameWork_Concepts.DataProvider_Example.getData(DataProvider_Example.java:25)
at testNG_FrameWork_Concepts.DataProvider_Example.getData(DataProvider_Example.java:25)
at testNG_FrameWork_Concepts.DataProvider_Example.getData(DataProvider_Example.java:25)
at testNG_FrameWork_Concepts.DataProvider_Example.getData(DataProvider_Example.java:25)
at testNG_FrameWork_Concepts.DataProvider_Example.getData(DataProvider_Example.java:25)
at testNG_FrameWork_Concepts.DataProvider_Example.getData(DataProvider_Example.java:25)
at testNG_FrameWork_Concepts.DataProvider_Example.getData(DataProvider_Example.java:25)
at testNG_FrameWork_Concepts.DataProvider_Example.getData(DataProvider_Example.java:25)
at testNG_FrameWork_Concepts.DataProvider_Example.getData(DataProvider_Example.java:25)
at testNG_FrameWork_Concepts.DataProvider_Example.getData(DataProvider_Example.java:25)
at testNG_FrameWork_Concepts.DataProvider_Example.getData(DataProvider_Example.java:25)
at testNG_FrameWork_Concepts.DataProvider_Example.getData(DataProvider_Example.java:25)
at testNG_FrameWork_Concepts.DataProvider_Example.getData(DataProvider_Example.java:25)
at testNG_FrameWork_Concepts.DataProvider_Example.getData(DataProvider_Example.java:25)
at testNG_FrameWork_Concepts.DataProvider_Example.getData(DataProvider_Example.java:25)
at testNG_FrameWork_Concepts.DataProvider_Example.getData(DataProvider_Example.java:25)
at testNG_FrameWork_Concepts.DataProvider_Example.getData(DataProvider_Example.java:25)
at testNG_FrameWork_Concepts.DataProvider_Example.getData(DataProvider_Example.java:25)
at testNG_FrameWork_Concepts.DataProvider_Example.getData(DataProvider_Example.java:25)
at testNG_FrameWork_Concepts.DataProvider_Example.getData(DataProvider_Example.java:25)
at testNG_FrameWork_Concepts.DataProvider_Example.getData(DataProvider_Example.java:25)
at testNG_FrameWork_Concepts.DataProvider_Example.getData(DataProvider_Example.java:25)
at testNG_FrameWork_Concepts.DataProvider_Example.getData(DataProvider_Example.java:25)
at testNG_FrameWork_Concepts.DataProvider_Example.getData(DataProvider_Example.java:25)
at testNG_FrameWork_Concepts.DataProvider_Example.getData(DataProvider_Example.java:25)
at testNG_FrameWork_Concepts.DataProvider_Example.getData(DataProvider_Example.java:25)
at testNG_FrameWork_Concepts.DataProvider_Example.getData(DataProvider_Example.java:25)
at testNG_FrameWork_Concepts.DataProvider_Example.getData(DataProvider_Example.java:25)
at testNG_FrameWork_Concepts.DataProvider_Example.getData(DataProvider_Example.java:25)
at testNG_FrameWork_Concepts.DataProvider_Example.getData(DataProvider_Example.java:25)
at testNG_FrameWork_Concepts.DataProvider_Example.getData(DataProvider_Example.java:25)
at testNG_FrameWork_Concepts.DataProvider_Example.getData(DataProvider_Example.java:25)
at testNG_FrameWork_Concepts.DataProvider_Example.getData(DataProvider_Example.java:25)
at testNG_FrameWork_Concepts.DataProvider_Example.getData(DataProvider_Example.java:25)
at testNG_FrameWork_Concepts.DataProvider_Example.getData(DataProvider_Example.java:25)
at testNG_FrameWork_Concepts.DataProvider_Example.getData(DataProvider_Example.java:25)
at testNG_FrameWork_Concepts.DataProvider_Example.getData(DataProvider_Example.java:25)
at testNG_FrameWork_Concepts.DataProvider_Example.getData(DataProvider_Example.java:25)
at testNG_FrameWork_Concepts.DataProvider_Example.getData(DataProvider_Example.java:25)
at testNG_FrameWork_Concepts.DataProvider_Example.getData(DataProvider_Example.java:25)
at testNG_FrameWork_Concepts.DataProvider_Example.getData(DataProvider_Example.java:25)
at testNG_FrameWork_Concepts.DataProvider_Example.getData(DataProvider_Example.java:25)
at testNG_FrameWork_Concepts.DataProvider_Example.getData(DataProvider_Example.java:25)
at testNG_FrameWork_Concepts.DataProvider_Example.getData(DataProvider_Example.java:25)
at testNG_FrameWork_Concepts.DataProvider_Example.getData(DataProvider_Example.java:25)
at testNG_FrameWork_Concepts.DataProvider_Example.getData(DataProvider_Example.java:25)
at testNG_FrameWork_Concepts.DataProvider_Example.getData(DataProvider_Example.java:25)
at testNG_FrameWork_Concepts.DataProvider_Example.getData(DataProvider_Example.java:25)
at testNG_FrameWork_Concepts.DataProvider_Example.getData(DataProvider_Example.java:25)
at testNG_FrameWork_Concepts.DataProvider_Example.getData(DataProvider_Example.java:25)
at testNG_FrameWork_Concepts.DataProvider_Example.getData(DataProvider_Example.java:25)
at testNG_FrameWork_Concepts.DataProvider_Example.getData(DataProvider_Example.java:25)
at testNG_FrameWork_Concepts.DataProvider_Example.getData(DataProvider_Example.java:25)
at testNG_FrameWork_Concepts.DataProvider_Example.getData(DataProvider_Example.java:25)
at testNG_FrameWork_Concepts.DataProvider_Example.getData(DataProvider_Example.java:25)
at testNG_FrameWork_Concepts.DataProvider_Example.getData(DataProvider_Example.java:25)
at testNG_FrameWork_Concepts.DataProvider_Example.getData(DataProvider_Example.java:25)
at testNG_FrameWork_Concepts.DataProvider_Example.getData(DataProvider_Example.java:25)
at testNG_FrameWork_Concepts.DataProvider_Example.getData(DataProvider_Example.java:25)
at testNG_FrameWork_Concepts.DataProvider_Example.getData(DataProvider_Example.java:25)
at testNG_FrameWork_Concepts.DataProvider_Example.getData(DataProvider_Example.java:25)
at testNG_FrameWork_Concepts.DataProvider_Example.getData(DataProvider_Example.java:25)
at testNG_FrameWork_Concepts.DataProvider_Example.getData(DataProvider_Example.java:25)
at testNG_FrameWork_Concepts.DataProvider_Example.getData(DataProvider_Example.java:25)
at testNG_FrameWork_Concepts.DataProvider_Example.getData(DataProvider_Example.java:25)
at testNG_FrameWork_Concepts.DataProvider_Example.getData(DataProvider_Example.java:25)
at testNG_FrameWork_Concepts.DataProvider_Example.getData(DataProvider_Example.java:25)
at testNG_FrameWork_Concepts.DataProvider_Example.getData(DataProvider_Example.java:25)
at testNG_FrameWork_Concepts.DataProvider_Example.getData(DataProvider_Example.java:25)
at testNG_FrameWork_Concepts.DataProvider_Example.getData(DataProvider_Example.java:25)
at testNG_FrameWork_Concepts.DataProvider_Example.getData(DataProvider_Example.java:25)
at testNG_FrameWork_Concepts.DataProvider_Example.getData(DataProvider_Example.java:25)
at testNG_FrameWork_Concepts.DataProvider_Example.getData(DataProvider_Example.java:25)
at testNG_FrameWork_Concepts.DataProvider_Example.getData(DataProvider_Example.java:25)
at testNG_FrameWork_Concepts.DataProvider_Example.getData(DataProvider_Example.java:25)
at testNG_FrameWork_Concepts.DataProvider_Example.getData(DataProvider_Example.java:25)
at testNG_FrameWork_Concepts.DataProvider_Example.getData(DataProvider_Example.java:25)
at testNG_FrameWork_Concepts.DataProvider_Example.getData(DataProvider_Example.java:25)
at testNG_FrameWork_Concepts.DataProvider_Example.getData(DataProvider_Example.java:25)
at testNG_FrameWork_Concepts.DataProvider_Example.getData(DataProvider_Example.java:25)
at testNG_FrameWork_Concepts.DataProvider_Example.getData(DataProvider_Example.java:25)
at testNG_FrameWork_Concepts.DataProvider_Example.getData(DataProvider_Example.java:25)
at testNG_FrameWork_Concepts.DataProvider_Example.getData(DataProvider_Example.java:25)
at testNG_FrameWork_Concepts.DataProvider_Example.getData(DataProvider_Example.java:25)
at testNG_FrameWork_Concepts.DataProvider_Example.getData(DataProvider_Example.java:25)
at testNG_FrameWork_Concepts.DataProvider_Example.getData(DataProvider_Example.java:25)
at testNG_FrameWork_Concepts.DataProvider_Example.getData(DataProvider_Example.java:25)
at testNG_FrameWork_Concepts.DataProvider_Example.getData(DataProvider_Example.java:25)
at testNG_FrameWork_Concepts.DataProvider_Example.getData(DataProvider_Example.java:25)
at testNG_FrameWork_Concepts.DataProvider_Example.getData(DataProvider_Example.java:25)
at testNG_FrameWork_Concepts.DataProvider_Example.getData(DataProvider_Example.java:25)
at testNG_FrameWork_Concepts.DataProvider_Example.getData(DataProvider_Example.java:25)
at testNG_FrameWork_Concepts.DataProvider_Example.getData(DataProvider_Example.java:25)
at testNG_FrameWork_Concepts.DataProvider_Example.getData(DataProvider_Example.java:25)
at testNG_FrameWork_Concepts.DataProvider_Example.getData(DataProvider_Example.java:25)
at testNG_FrameWork_Concepts.DataProvider_Example.getData(DataProvider_Example.java:25)
at testNG_FrameWork_Concepts.DataProvider_Example.getData(DataProvider_Example.java:25)
at testNG_FrameWork_Concepts.DataProvider_Example.getData(DataProvider_Example.java:25)
at testNG_FrameWork_Concepts.DataProvider_Example.getData(DataProvider_Example.java:25)
at testNG_FrameWork_Concepts.DataProvider_Example.getData(DataProvider_Example.java:25)
at testNG_FrameWork_Concepts.DataProvider_Example.getData(DataProvider_Example.java:25)
at testNG_FrameWork_Concepts.DataProvider_Example.getData(DataProvider_Example.java:25)
at testNG_FrameWork_Concepts.DataProvider_Example.getData(DataProvider_Example.java:25)
at testNG_FrameWork_Concepts.DataProvider_Example.getData(DataProvider_Example.java:25)
at testNG_FrameWork_Concepts.DataProvider_Example.getData(DataProvider_Example.java:25)
at testNG_FrameWork_Concepts.DataProvider_Example.getData(DataProvider_Example.java:25)
at testNG_FrameWork_Concepts.DataProvider_Example.getData(DataProvider_Example.java:25)
at testNG_FrameWork_Concepts.DataProvider_Example.getData(DataProvider_Example.java:25)
at testNG_FrameWork_Concepts.DataProvider_Example.getData(DataProvider_Example.java:25)
at testNG_FrameWork_Concepts.DataProvider_Example.getData(DataProvider_Example.java:25)
at testNG_FrameWork_Concepts.DataProvider_Example.getData(DataProvider_Example.java:25)
at testNG_FrameWork_Concepts.DataProvider_Example.getData(DataProvider_Example.java:25)
at testNG_FrameWork_Concepts.DataProvider_Example.getData(DataProvider_Example.java:25)
at testNG_FrameWork_Concepts.DataProvider_Example.getData(DataProvider_Example.java:25)
at testNG_FrameWork_Concepts.DataProvider_Example.getData(DataProvider_Example.java:25)
at testNG_FrameWork_Concepts.DataProvider_Example.getData(DataProvider_Example.java:25)
at testNG_FrameWork_Concepts.DataProvider_Example.getData(DataProvider_Example.java:25)
at testNG_FrameWork_Concepts.DataProvider_Example.getData(DataProvider_Example.java:25)
at testNG_FrameWork_Concepts.DataProvider_Example.getData(DataProvider_Example.java:25)
at testNG_FrameWork_Concepts.DataProvider_Example.getData(DataProvider_Example.java:25)
at testNG_FrameWork_Concepts.DataProvider_Example.getData(DataProvider_Example.java:25)
at testNG_FrameWork_Concepts.DataProvider_Example.getData(DataProvider_Example.java:25)
at testNG_FrameWork_Concepts.DataProvider_Example.getData(DataProvider_Example.java:25)
at testNG_FrameWork_Concepts.DataProvider_Example.getData(DataProvider_Example.java:25)
at testNG_FrameWork_Concepts.DataProvider_Example.getData(DataProvider_Example.java:25)
at testNG_FrameWork_Concepts.DataProvider_Example.getData(DataProvider_Example.java:25)
at testNG_FrameWork_Concepts.DataProvider_Example.getData(DataProvider_Example.java:25)
at testNG_FrameWork_Concepts.DataProvider_Example.getData(DataProvider_Example.java:25)
at testNG_FrameWork_Concepts.DataProvider_Example.getData(DataProvider_Example.java:25)
at testNG_FrameWork_Concepts.DataProvider_Example.getData(DataProvider_Example.java:25)
at testNG_FrameWork_Concepts.DataProvider_Example.getData(DataProvider_Example.java:25)
at testNG_FrameWork_Concepts.DataProvider_Example.getData(DataProvider_Example.java:25)
at testNG_FrameWork_Concepts.DataProvider_Example.getData(DataProvider_Example.java:25)
at testNG_FrameWork_Concepts.DataProvider_Example.getData(DataProvider_Example.java:25)
at testNG_FrameWork_Concepts.DataProvider_Example.getData(DataProvider_Example.java:25)
at testNG_FrameWork_Concepts.DataProvider_Example.getData(DataProvider_Example.java:25)
at testNG_FrameWork_Concepts.DataProvider_Example.getData(DataProvider_Example.java:25)
at testNG_FrameWork_Concepts.DataProvider_Example.getData(DataProvider_Example.java:25)
at testNG_FrameWork_Concepts.DataProvider_Example.getData(DataProvider_Example.java:25)
at testNG_FrameWork_Concepts.DataProvider_Example.getData(DataProvider_Example.java:25)
at testNG_FrameWork_Concepts.DataProvider_Example.getData(DataProvider_Example.java:25)
at testNG_FrameWork_Concepts.DataProvider_Example.getData(DataProvider_Example.java:25)
at testNG_FrameWork_Concepts.DataProvider_Example.getData(DataProvider_Example.java:25)
at testNG_FrameWork_Concepts.DataProvider_Example.getData(DataProvider_Example.java:25)
at testNG_FrameWork_Concepts.DataProvider_Example.getData(DataProvider_Example.java:25)
at testNG_FrameWork_Concepts.DataProvider_Example.getData(DataProvider_Example.java:25)
at testNG_FrameWork_Concepts.DataProvider_Example.getData(DataProvider_Example.java:25)
at testNG_FrameWork_Concepts.DataProvider_Example.getData(DataProvider_Example.java:25)
at testNG_FrameWork_Concepts.DataProvider_Example.getData(DataProvider_Example.java:25)
at testNG_FrameWork_Concepts.DataProvider_Example.getData(DataProvider_Example.java:25)
at testNG_FrameWork_Concepts.DataProvider_Example.getData(DataProvider_Example.java:25)
at testNG_FrameWork_Concepts.DataProvider_Example.getData(DataProvider_Example.java:25)
at testNG_FrameWork_Concepts.DataProvider_Example.getData(DataProvider_Example.java:25)
at testNG_FrameWork_Concepts.DataProvider_Example.getData(DataProvider_Example.java:25)
at testNG_FrameWork_Concepts.DataProvider_Example.getData(DataProvider_Example.java:25)
at testNG_FrameWork_Concepts.DataProvider_Example.getData(DataProvider_Example.java:25)
at testNG_FrameWork_Concepts.DataProvider_Example.getData(DataProvider_Example.java:25)
at testNG_FrameWork_Concepts.DataProvider_Example.getData(DataProvider_Example.java:25)
at testNG_FrameWork_Concepts.DataProvider_Example.getData(DataProvider_Example.java:25)
at testNG_FrameWork_Concepts.DataProvider_Example.getData(DataProvider_Example.java:25)
at testNG_FrameWork_Concepts.DataProvider_Example.getData(DataProvider_Example.java:25)
at testNG_FrameWork_Concepts.DataProvider_Example.getData(DataProvider_Example.java:25)
at testNG_FrameWork_Concepts.DataProvider_Example.getData(DataProvider_Example.java:25)
at testNG_FrameWork_Concepts.DataProvider_Example.getData(DataProvider_Example.java:25)
at testNG_FrameWork_Concepts.DataProvider_Example.getData(DataProvider_Example.java:25)
at testNG_FrameWork_Concepts.DataProvider_Example.getData(DataProvider_Example.java:25)
at testNG_FrameWork_Concepts.DataProvider_Example.getData(DataProvider_Example.java:25)
at testNG_FrameWork_Concepts.DataProvider_Example.getData(DataProvider_Example.java:25)
at testNG_FrameWork_Concepts.DataProvider_Example.getData(DataProvider_Example.java:25)
at testNG_FrameWork_Concepts.DataProvider_Example.getData(DataProvider_Example.java:25)
at testNG_FrameWork_Concepts.DataProvider_Example.getData(DataProvider_Example.java:25)
at testNG_FrameWork_Concepts.DataProvider_Example.getData(DataProvider_Example.java:25)
at testNG_FrameWork_Concepts.DataProvider_Example.getData(DataProvider_Example.java:25)
at testNG_FrameWork_Concepts.DataProvider_Example.getData(DataProvider_Example.java:25)
at testNG_FrameWork_Concepts.DataProvider_Example.getData(DataProvider_Example.java:25)
at testNG_FrameWork_Concepts.DataProvider_Example.getData(DataProvider_Example.java:25)
at testNG_FrameWork_Concepts.DataProvider_Example.getData(DataProvider_Example.java:25)
at testNG_FrameWork_Concepts.DataProvider_Example.getData(DataProvider_Example.java:25)
at testNG_FrameWork_Concepts.DataProvider_Example.getData(DataProvider_Example.java:25)
at testNG_FrameWork_Concepts.DataProvider_Example.getData(DataProvider_Example.java:25)
at testNG_FrameWork_Concepts.DataProvider_Example.getData(DataProvider_Example.java:25)
at testNG_FrameWork_Concepts.DataProvider_Example.getData(DataProvider_Example.java:25)
at testNG_FrameWork_Concepts.DataProvider_Example.getData(DataProvider_Example.java:25)
at testNG_FrameWork_Concepts.DataProvider_Example.getData(DataProvider_Example.java:25)
at testNG_FrameWork_Concepts.DataProvider_Example.getData(DataProvider_Example.java:25)
at testNG_FrameWork_Concepts.DataProvider_Example.getData(DataProvider_Example.java:25)
at testNG_FrameWork_Concepts.DataProvider_Example.getData(DataProvider_Example.java:25)
at testNG_FrameWork_Concepts.DataProvider_Example.getData(DataProvider_Example.java:25)
at testNG_FrameWork_Concepts.DataProvider_Example.getData(DataProvider_Example.java:25)
at testNG_FrameWork_Concepts.DataProvider_Example.getData(DataProvider_Example.java:25)
at testNG_FrameWork_Concepts.DataProvider_Example.getData(DataProvider_Example.java:25)
at testNG_FrameWork_Concepts.DataProvider_Example.getData(DataProvider_Example.java:25)
at testNG_FrameWork_Concepts.DataProvider_Example.getData(DataProvider_Example.java:25)
at testNG_FrameWork_Concepts.DataProvider_Example.getData(DataProvider_Example.java:25)
at testNG_FrameWork_Concepts.DataProvider_Example.getData(DataProvider_Example.java:25)
at testNG_FrameWork_Concepts.DataProvider_Example.getData(DataProvider_Example.java:25)
at testNG_FrameWork_Concepts.DataProvider_Example.getData(DataProvider_Example.java:25)
at testNG_FrameWork_Concepts.DataProvider_Example.getData(DataProvider_Example.java:25)
at testNG_FrameWork_Concepts.DataProvider_Example.getData(DataProvider_Example.java:25)
at testNG_FrameWork_Concepts.DataProvider_Example.getData(DataProvider_Example.java:25)
at testNG_FrameWork_Concepts.DataProvider_Example.getData(DataProvider_Example.java:25)
at testNG_FrameWork_Concepts.DataProvider_Example.getData(DataProvider_Example.java:25)
at testNG_FrameWork_Concepts.DataProvider_Example.getData(DataProvider_Example.java:25)
at testNG_FrameWork_Concepts.DataProvider_Example.getData(DataProvider_Example.java:25)
at testNG_FrameWork_Concepts.DataProvider_Example.getData(DataProvider_Example.java:25)
at testNG_FrameWork_Concepts.DataProvider_Example.getData(DataProvider_Example.java:25)
at testNG_FrameWork_Concepts.DataProvider_Example.getData(DataProvider_Example.java:25)
at testNG_FrameWork_Concepts.DataProvider_Example.getData(DataProvider_Example.java:25)
at testNG_FrameWork_Concepts.DataProvider_Example.getData(DataProvider_Example.java:25)
at testNG_FrameWork_Concepts.DataProvider_Example.getData(DataProvider_Example.java:25)
at testNG_FrameWork_Concepts.DataProvider_Example.getData(DataProvider_Example.java:25)
at testNG_FrameWork_Concepts.DataProvider_Example.getData(DataProvider_Example.java:25)
at testNG_FrameWork_Concepts.DataProvider_Example.getData(DataProvider_Example.java:25)
at testNG_FrameWork_Concepts.DataProvider_Example.getData(DataProvider_Example.java:25)
at testNG_FrameWork_Concepts.DataProvider_Example.getData(DataProvider_Example.java:25)
at testNG_FrameWork_Concepts.DataProvider_Example.getData(DataProvider_Example.java:25)
at testNG_FrameWork_Concepts.DataProvider_Example.getData(DataProvider_Example.java:25)
at testNG_FrameWork_Concepts.DataProvider_Example.getData(DataProvider_Example.java:25)
at testNG_FrameWork_Concepts.DataProvider_Example.getData(DataProvider_Example.java:25)
at testNG_FrameWork_Concepts.DataProvider_Example.getData(DataProvider_Example.java:25)
at testNG_FrameWork_Concepts.DataProvider_Example.getData(DataProvider_Example.java:25)
at testNG_FrameWork_Concepts.DataProvider_Example.getData(DataProvider_Example.java:25)
at testNG_FrameWork_Concepts.DataProvider_Example.getData(DataProvider_Example.java:25)
at testNG_FrameWork_Concepts.DataProvider_Example.getData(DataProvider_Example.java:25)
at testNG_FrameWork_Concepts.DataProvider_Example.getData(DataProvider_Example.java:25)
at testNG_FrameWork_Concepts.DataProvider_Example.getData(DataProvider_Example.java:25)
at testNG_FrameWork_Concepts.DataProvider_Example.getData(DataProvider_Example.java:25)
at testNG_FrameWork_Concepts.DataProvider_Example.getData(DataProvider_Example.java:25)
at testNG_FrameWork_Concepts.DataProvider_Example.getData(DataProvider_Example.java:25)
at testNG_FrameWork_Concepts.DataProvider_Example.getData(DataProvider_Example.java:25)
at testNG_FrameWork_Concepts.DataProvider_Example.getData(DataProvider_Example.java:25)
at testNG_FrameWork_Concepts.DataProvider_Example.getData(DataProvider_Example.java:25)
at testNG_FrameWork_Concepts.DataProvider_Example.getData(DataProvider_Example.java:25)
at testNG_FrameWork_Concepts.DataProvider_Example.getData(DataProvider_Example.java:25)
at testNG_FrameWork_Concepts.DataProvider_Example.getData(DataProvider_Example.java:25)
at testNG_FrameWork_Concepts.DataProvider_Example.getData(DataProvider_Example.java:25)
at testNG_FrameWork_Concepts.DataProvider_Example.getData(DataProvider_Example.java:25)
at testNG_FrameWork_Concepts.DataProvider_Example.getData(DataProvider_Example.java:25)
at testNG_FrameWork_Concepts.DataProvider_Example.getData(DataProvider_Example.java:25)
at testNG_FrameWork_Concepts.DataProvider_Example.getData(DataProvider_Example.java:25)
at testNG_FrameWork_Concepts.DataProvider_Example.getData(DataProvider_Example.java:25)
at testNG_FrameWork_Concepts.DataProvider_Example.getData(DataProvider_Example.java:25)
at testNG_FrameWork_Concepts.DataProvider_Example.getData(DataProvider_Example.java:25)
at testNG_FrameWork_Concepts.DataProvider_Example.getData(DataProvider_Example.java:25)
at testNG_FrameWork_Concepts.DataProvider_Example.getData(DataProvider_Example.java:25)
at testNG_FrameWork_Concepts.DataProvider_Example.getData(DataProvider_Example.java:25)
at testNG_FrameWork_Concepts.DataProvider_Example.getData(DataProvider_Example.java:25)
at testNG_FrameWork_Concepts.DataProvider_Example.getData(DataProvider_Example.java:25)
at testNG_FrameWork_Concepts.DataProvider_Example.getData(DataProvider_Example.java:25)
at testNG_FrameWork_Concepts.DataProvider_Example.getData(DataProvider_Example.java:25)
at testNG_FrameWork_Concepts.DataProvider_Example.getData(DataProvider_Example.java:25)
at testNG_FrameWork_Concepts.DataProvider_Example.getData(DataProvider_Example.java:25)
at testNG_FrameWork_Concepts.DataProvider_Example.getData(DataProvider_Example.java:25)
at testNG_FrameWork_Concepts.DataProvider_Example.getData(DataProvider_Example.java:25)
at testNG_FrameWork_Concepts.DataProvider_Example.getData(DataProvider_Example.java:25)
at testNG_FrameWork_Concepts.DataProvider_Example.getData(DataProvider_Example.java:25)
at testNG_FrameWork_Concepts.DataProvider_Example.getData(DataProvider_Example.java:25)
at testNG_FrameWork_Concepts.DataProvider_Example.getData(DataProvider_Example.java:25)
at testNG_FrameWork_Concepts.DataProvider_Example.getData(DataProvider_Example.java:25)
at testNG_FrameWork_Concepts.DataProvider_Example.getData(DataProvider_Example.java:25)
at testNG_FrameWork_Concepts.DataProvider_Example.getData(DataProvider_Example.java:25)
at testNG_FrameWork_Concepts.DataProvider_Example.getData(DataProvider_Example.java:25)
at testNG_FrameWork_Concepts.DataProvider_Example.getData(DataProvider_Example.java:25)
at testNG_FrameWork_Concepts.DataProvider_Example.getData(DataProvider_Example.java:25)
at testNG_FrameWork_Concepts.DataProvider_Example.getData(DataProvider_Example.java:25)
at testNG_FrameWork_Concepts.DataProvider_Example.getData(DataProvider_Example.java:25)
at testNG_FrameWork_Concepts.DataProvider_Example.getData(DataProvider_Example.java:25)
at testNG_FrameWork_Concepts.DataProvider_Example.getData(DataProvider_Example.java:25)
at testNG_FrameWork_Concepts.DataProvider_Example.getData(DataProvider_Example.java:25)
at testNG_FrameWork_Concepts.DataProvider_Example.getData(DataProvider_Example.java:25)
at testNG_FrameWork_Concepts.DataProvider_Example.getData(DataProvider_Example.java:25)
at testNG_FrameWork_Concepts.DataProvider_Example.getData(DataProvider_Example.java:25)
at testNG_FrameWork_Concepts.DataProvider_Example.getData(DataProvider_Example.java:25)
at testNG_FrameWork_Concepts.DataProvider_Example.getData(DataProvider_Example.java:25)
at testNG_FrameWork_Concepts.DataProvider_Example.getData(DataProvider_Example.java:25)
at testNG_FrameWork_Concepts.DataProvider_Example.getData(DataProvider_Example.java:25)
at testNG_FrameWork_Concepts.DataProvider_Example.getData(DataProvider_Example.java:25)
at testNG_FrameWork_Concepts.DataProvider_Example.getData(DataProvider_Example.java:25)
at testNG_FrameWork_Concepts.DataProvider_Example.getData(DataProvider_Example.java:25)
at testNG_FrameWork_Concepts.DataProvider_Example.getData(DataProvider_Example.java:25)
at testNG_FrameWork_Concepts.DataProvider_Example.getData(DataProvider_Example.java:25)
at testNG_FrameWork_Concepts.DataProvider_Example.getData(DataProvider_Example.java:25)
at testNG_FrameWork_Concepts.DataProvider_Example.getData(DataProvider_Example.java:25)
at testNG_FrameWork_Concepts.DataProvider_Example.getData(DataProvider_Example.java:25)
at testNG_FrameWork_Concepts.DataProvider_Example.getData(DataProvider_Example.java:25)
at testNG_FrameWork_Concepts.DataProvider_Example.getData(DataProvider_Example.java:25)
at testNG_FrameWork_Concepts.DataProvider_Example.getData(DataProvider_Example.java:25)
at testNG_FrameWork_Concepts.DataProvider_Example.getData(DataProvider_Example.java:25)
at testNG_FrameWork_Concepts.DataProvider_Example.getData(DataProvider_Example.java:25)
at testNG_FrameWork_Concepts.DataProvider_Example.getData(DataProvider_Example.java:25)
at testNG_FrameWork_Concepts.DataProvider_Example.getData(DataProvider_Example.java:25)
at testNG_FrameWork_Concepts.DataProvider_Example.getData(DataProvider_Example.java:25)
at testNG_FrameWork_Concepts.DataProvider_Example.getData(DataProvider_Example.java:25)
at testNG_FrameWork_Concepts.DataProvider_Example.getData(DataProvider_Example.java:25)
at testNG_FrameWork_Concepts.DataProvider_Example.getData(DataProvider_Example.java:25)
at testNG_FrameWork_Concepts.DataProvider_Example.getData(DataProvider_Example.java:25)
at testNG_FrameWork_Concepts.DataProvider_Example.getData(DataProvider_Example.java:25)
at testNG_FrameWork_Concepts.DataProvider_Example.getData(DataProvider_Example.java:25)
at testNG_FrameWork_Concepts.DataProvider_Example.getData(DataProvider_Example.java:25)
at testNG_FrameWork_Concepts.DataProvider_Example.getData(DataProvider_Example.java:25)
at testNG_FrameWork_Concepts.DataProvider_Example.getData(DataProvider_Example.java:25)
at testNG_FrameWork_Concepts.DataProvider_Example.getData(DataProvider_Example.java:25)
at testNG_FrameWork_Concepts.DataProvider_Example.getData(DataProvider_Example.java:25)
at testNG_FrameWork_Concepts.DataProvider_Example.getData(DataProvider_Example.java:25)
at testNG_FrameWork_Concepts.DataProvider_Example.getData(DataProvider_Example.java:25)
at testNG_FrameWork_Concepts.DataProvider_Example.getData(DataProvider_Example.java:25)
at testNG_FrameWork_Concepts.DataProvider_Example.getData(DataProvider_Example.java:25)
at testNG_FrameWork_Concepts.DataProvider_Example.getData(DataProvider_Example.java:25)
at testNG_FrameWork_Concepts.DataProvider_Example.getData(DataProvider_Example.java:25)
at testNG_FrameWork_Concepts.DataProvider_Example.getData(DataProvider_Example.java:25)
at testNG_FrameWork_Concepts.DataProvider_Example.getData(DataProvider_Example.java:25)
at testNG_FrameWork_Concepts.DataProvider_Example.getData(DataProvider_Example.java:25)
at testNG_FrameWork_Concepts.DataProvider_Example.getData(DataProvider_Example.java:25)
at testNG_FrameWork_Concepts.DataProvider_Example.getData(DataProvider_Example.java:25)
at testNG_FrameWork_Concepts.DataProvider_Example.getData(DataProvider_Example.java:25)
at testNG_FrameWork_Concepts.DataProvider_Example.getData(DataProvider_Example.java:25)
at testNG_FrameWork_Concepts.DataProvider_Example.getData(DataProvider_Example.java:25)
at testNG_FrameWork_Concepts.DataProvider_Example.getData(DataProvider_Example.java:25)
at testNG_FrameWork_Concepts.DataProvider_Example.getData(DataProvider_Example.java:25)
at testNG_FrameWork_Concepts.DataProvider_Example.getData(DataProvider_Example.java:25)
at testNG_FrameWork_Concepts.DataProvider_Example.getData(DataProvider_Example.java:25)
at testNG_FrameWork_Concepts.DataProvider_Example.getData(DataProvider_Example.java:25)
at testNG_FrameWork_Concepts.DataProvider_Example.getData(DataProvider_Example.java:25)
at testNG_FrameWork_Concepts.DataProvider_Example.getData(DataProvider_Example.java:25)
at testNG_FrameWork_Concepts.DataProvider_Example.getData(DataProvider_Example.java:25)
at testNG_FrameWork_Concepts.DataProvider_Example.getData(DataProvider_Example.java:25)
at testNG_FrameWork_Concepts.DataProvider_Example.getData(DataProvider_Example.java:25)
at testNG_FrameWork_Concepts.DataProvider_Example.getData(DataProvider_Example.java:25)
at testNG_FrameWork_Concepts.DataProvider_Example.getData(DataProvider_Example.java:25)
at testNG_FrameWork_Concepts.DataProvider_Example.getData(DataProvider_Example.java:25)
at testNG_FrameWork_Concepts.DataProvider_Example.getData(DataProvider_Example.java:25)
at testNG_FrameWork_Concepts.DataProvider_Example.getData(DataProvider_Example.java:25)
at testNG_FrameWork_Concepts.DataProvider_Example.getData(DataProvider_Example.java:25)
... Removed 25 stack frames]]>
    </failure>
  </testcase> <!-- field -->
</testsuite> <!-- Deepak -->
