<?xml version="1.0" encoding="UTF-8"?>
<!-- Generated by org.testng.reporters.JUnitXMLReporter -->
<testsuite ignored="0" hostname="KANINI-LTP-552" failures="0" tests="3" name="Test" time="0.053" errors="0" timestamp="2025-02-18T15:51:11 IST">
  <testcase classname="testNG_FrameWork_Concepts.DataProvider_Example" name="field" time="0.004"/>
  <testcase classname="testNG_FrameWork_Concepts.DataProvider_Example" name="field" time="0.001"/>
  <testcase classname="testNG_FrameWork_Concepts.DataProvider_Example" name="field" time="0.002"/>
</testsuite> <!-- Test -->
