<?xml version="1.0" encoding="UTF-8"?>
<testng-results ignored="0" total="2" passed="2" failed="0" skipped="0">
  <reporter-output>
  </reporter-output>
  <suite started-at="2025-02-18T21:51:16 IST" name="Default suite" finished-at="2025-02-18T21:51:16 IST" duration-ms="48">
    <groups>
    </groups>
    <test started-at="2025-02-18T21:51:16 IST" name="Default test" finished-at="2025-02-18T21:51:16 IST" duration-ms="48">
      <class name="testNG_FrameWork_Concepts.Child">
        <test-method is-config="true" signature="child1()[pri:0, instance:testNG_FrameWork_Concepts.Child@f78a47e]" started-at="2025-02-18T21:51:16 IST" name="child1" finished-at="2025-02-18T21:51:16 IST" duration-ms="9" status="PASS">
          <reporter-output>
          </reporter-output>
        </test-method> <!-- child1 -->
        <test-method signature="childclass()[pri:0, instance:testNG_FrameWork_Concepts.Child@f78a47e]" started-at="2025-02-18T21:51:16 IST" name="childclass" finished-at="2025-02-18T21:51:16 IST" duration-ms="4" status="PASS">
          <reporter-output>
          </reporter-output>
        </test-method> <!-- childclass -->
        <test-method signature="TestRe()[pri:0, instance:testNG_FrameWork_Concepts.Child@f78a47e]" started-at="2025-02-18T21:51:16 IST" name="TestRe" finished-at="2025-02-18T21:51:16 IST" duration-ms="1" status="PASS">
          <reporter-output>
          </reporter-output>
        </test-method> <!-- TestRe -->
      </class> <!-- testNG_FrameWork_Concepts.Child -->
    </test> <!-- Default test -->
  </suite> <!-- Default suite -->
</testng-results>
